# JRE version: Java(TM) SE Runtime Environment (16.0.2+7) (build 16.0.2+7-67)
# Java VM: Java HotSpot(TM) 64-Bit Server VM (16.0.2+7-67, mixed mode, sharing, tiered, compressed oops, compressed class ptrs, g1 gc, windows-amd64)
GC Precious Log:
 CPUs: 4 total, 4 available
 Memory: 8089M
 Large Page Support: Disabled
 NUMA Support: Disabled
 Compressed Oops: Enabled (32-bit)
 Heap Region Size: 1M
 Heap Min Capacity: 8M
 Heap Initial Capacity: 128M
 Heap Max Capacity: 1G
 Pre-touch: Disabled
 Parallel Workers: 4
 Concurrent Workers: 1
 Concurrent Refinement Workers: 4
 Periodic GC: Disabled
Heap:
 garbage-first heap   total 71680K, used 40154K [0x00000000c0000000, 0x0000000100000000)
  region size 1024K, 12 young (12288K), 3 survivors (3072K)
 Metaspace       used 37899K, committed 38272K, reserved 1089536K
  class space    used 5106K, committed 5312K, reserved 1048576K
GC Heap History (20 events):
Event: 1.137 GC heap before
{Heap before GC invocations=0 (full 0):
 garbage-first heap   total 131072K, used 15360K [0x00000000c0000000, 0x0000000100000000)
  region size 1024K, 13 young (13312K), 0 survivors (0K)
 Metaspace       used 1047K, committed 1216K, reserved 1056768K
  class space    used 73K, committed 128K, reserved 1048576K
}
Event: 1.142 GC heap after
{Heap after GC invocations=1 (full 0):
 garbage-first heap   total 131072K, used 3259K [0x00000000c0000000, 0x0000000100000000)
  region size 1024K, 2 young (2048K), 2 survivors (2048K)
 Metaspace       used 1047K, committed 1216K, reserved 1056768K
  class space    used 73K, committed 128K, reserved 1048576K
}
Event: 1.962 GC heap before
{Heap before GC invocations=1 (full 0):
 garbage-first heap   total 131072K, used 21691K [0x00000000c0000000, 0x0000000100000000)
  region size 1024K, 18 young (18432K), 2 survivors (2048K)
 Metaspace       used 3908K, committed 4096K, reserved 1056768K
  class space    used 470K, committed 576K, reserved 1048576K
}
Event: 1.967 GC heap after
{Heap after GC invocations=2 (full 0):
 garbage-first heap   total 131072K, used 9884K [0x00000000c0000000, 0x0000000100000000)
  region size 1024K, 3 young (3072K), 3 survivors (3072K)
 Metaspace       used 3908K, committed 4096K, reserved 1056768K
  class space    used 470K, committed 576K, reserved 1048576K
}
Event: 2.354 GC heap before
{Heap before GC invocations=2 (full 0):
 garbage-first heap   total 131072K, used 31388K [0x00000000c0000000, 0x0000000100000000)
  region size 1024K, 24 young (24576K), 3 survivors (3072K)
 Metaspace       used 4101K, committed 4288K, reserved 1056768K
  class space    used 484K, committed 576K, reserved 1048576K
}
Event: 2.357 GC heap after
{Heap after GC invocations=3 (full 0):
 garbage-first heap   total 131072K, used 10344K [0x00000000c0000000, 0x0000000100000000)
  region size 1024K, 1 young (1024K), 1 survivors (1024K)
 Metaspace       used 4101K, committed 4288K, reserved 1056768K
  class space    used 484K, committed 576K, reserved 1048576K
}
Event: 4.618 GC heap before
{Heap before GC invocations=3 (full 0):
 garbage-first heap   total 131072K, used 87144K [0x00000000c0000000, 0x0000000100000000)
  region size 1024K, 76 young (77824K), 1 survivors (1024K)
 Metaspace       used 15885K, committed 16192K, reserved 1064960K
  class space    used 2281K, committed 2432K, reserved 1048576K
}
Event: 4.627 GC heap after
{Heap after GC invocations=4 (full 0):
 garbage-first heap   total 131072K, used 18555K [0x00000000c0000000, 0x0000000100000000)
  region size 1024K, 9 young (9216K), 9 survivors (9216K)
 Metaspace       used 15885K, committed 16192K, reserved 1064960K
  class space    used 2281K, committed 2432K, reserved 1048576K
}
Event: 5.875 GC heap before
{Heap before GC invocations=4 (full 0):
 garbage-first heap   total 131072K, used 56443K [0x00000000c0000000, 0x0000000100000000)
  region size 1024K, 47 young (48128K), 9 survivors (9216K)
 Metaspace       used 20972K, committed 21248K, reserved 1073152K
  class space    used 3097K, committed 3200K, reserved 1048576K
}
Event: 5.885 GC heap after
{Heap after GC invocations=5 (full 0):
 garbage-first heap   total 131072K, used 20420K [0x00000000c0000000, 0x0000000100000000)
  region size 1024K, 2 young (2048K), 2 survivors (2048K)
 Metaspace       used 20972K, committed 21248K, reserved 1073152K
  class space    used 3097K, committed 3200K, reserved 1048576K
}
Event: 7.385 GC heap before
{Heap before GC invocations=6 (full 0):
 garbage-first heap   total 71680K, used 60356K [0x00000000c0000000, 0x0000000100000000)
  region size 1024K, 42 young (43008K), 2 survivors (2048K)
 Metaspace       used 27214K, committed 27584K, reserved 1073152K
  class space    used 3778K, committed 3904K, reserved 1048576K
}
Event: 7.411 GC heap after
{Heap after GC invocations=7 (full 0):
 garbage-first heap   total 71680K, used 26008K [0x00000000c0000000, 0x0000000100000000)
  region size 1024K, 6 young (6144K), 6 survivors (6144K)
 Metaspace       used 27214K, committed 27584K, reserved 1073152K
  class space    used 3778K, committed 3904K, reserved 1048576K
}
Event: 8.143 GC heap before
{Heap before GC invocations=7 (full 0):
 garbage-first heap   total 71680K, used 55704K [0x00000000c0000000, 0x0000000100000000)
  region size 1024K, 33 young (33792K), 6 survivors (6144K)
 Metaspace       used 30140K, committed 30464K, reserved 1081344K
  class space    used 4108K, committed 4224K, reserved 1048576K
}
Event: 8.158 GC heap after
{Heap after GC invocations=8 (full 0):
 garbage-first heap   total 71680K, used 29336K [0x00000000c0000000, 0x0000000100000000)
  region size 1024K, 4 young (4096K), 4 survivors (4096K)
 Metaspace       used 30140K, committed 30464K, reserved 1081344K
  class space    used 4108K, committed 4224K, reserved 1048576K
}
Event: 8.842 GC heap before
{Heap before GC invocations=8 (full 0):
 garbage-first heap   total 71680K, used 53912K [0x00000000c0000000, 0x0000000100000000)
  region size 1024K, 28 young (28672K), 4 survivors (4096K)
 Metaspace       used 33945K, committed 34304K, reserved 1081344K
  class space    used 4574K, committed 4736K, reserved 1048576K
}
Event: 8.850 GC heap after
{Heap after GC invocations=9 (full 0):
 garbage-first heap   total 71680K, used 30781K [0x00000000c0000000, 0x0000000100000000)
  region size 1024K, 2 young (2048K), 2 survivors (2048K)
 Metaspace       used 33945K, committed 34304K, reserved 1081344K
  class space    used 4574K, committed 4736K, reserved 1048576K
}
Event: 9.083 GC heap before
{Heap before GC invocations=9 (full 0):
 garbage-first heap   total 71680K, used 42045K [0x00000000c0000000, 0x0000000100000000)
  region size 1024K, 14 young (14336K), 2 survivors (2048K)
 Metaspace       used 35289K, committed 35648K, reserved 1081344K
  class space    used 4787K, committed 4992K, reserved 1048576K
}
Event: 9.089 GC heap after
{Heap after GC invocations=10 (full 0):
 garbage-first heap   total 71680K, used 31423K [0x00000000c0000000, 0x0000000100000000)
  region size 1024K, 3 young (3072K), 3 survivors (3072K)
 Metaspace       used 35289K, committed 35648K, reserved 1081344K
  class space    used 4787K, committed 4992K, reserved 1048576K
}
Event: 9.849 GC heap before
{Heap before GC invocations=11 (full 0):
 garbage-first heap   total 71680K, used 54975K [0x00000000c0000000, 0x0000000100000000)
  region size 1024K, 27 young (27648K), 3 survivors (3072K)
 Metaspace       used 37593K, committed 38080K, reserved 1089536K
  class space    used 5088K, committed 5312K, reserved 1048576K
}
Event: 9.855 GC heap after
{Heap after GC invocations=12 (full 0):
 garbage-first heap   total 71680K, used 32986K [0x00000000c0000000, 0x0000000100000000)
  region size 1024K, 3 young (3072K), 3 survivors (3072K)
 Metaspace       used 37593K, committed 38080K, reserved 1089536K
  class space    used 5088K, committed 5312K, reserved 1048576K
}

