# JRE version: Java(TM) SE Runtime Environment (16.0.2+7) (build 16.0.2+7-67)
# Java VM: Java HotSpot(TM) 64-Bit Server VM (16.0.2+7-67, mixed mode, sharing, tiered, compressed oops, compressed class ptrs, g1 gc, windows-amd64)
GC Precious Log:
 CPUs: 4 total, 4 available
 Memory: 8089M
 Large Page Support: Disabled
 NUMA Support: Disabled
 Compressed Oops: Enabled (32-bit)
 Heap Region Size: 1M
 Heap Min Capacity: 8M
 Heap Initial Capacity: 128M
 Heap Max Capacity: 1G
 Pre-touch: Disabled
 Parallel Workers: 4
 Concurrent Workers: 1
 Concurrent Refinement Workers: 4
 Periodic GC: Disabled
Heap:
 garbage-first heap   total 78848K, used 52071K [0x00000000c0000000, 0x0000000100000000)
  region size 1024K, 5 young (5120K), 2 survivors (2048K)
 Metaspace       used 52426K, committed 52928K, reserved 1097728K
  class space    used 6862K, committed 7104K, reserved 1048576K
GC Heap History (20 events):
Event: 7.616 GC heap before
{Heap before GC invocations=7 (full 0):
 garbage-first heap   total 75776K, used 58782K [0x00000000c0000000, 0x0000000100000000)
  region size 1024K, 37 young (37888K), 6 survivors (6144K)
 Metaspace       used 30790K, committed 31104K, reserved 1081344K
  class space    used 4198K, committed 4352K, reserved 1048576K
}
Event: 7.630 GC heap after
{Heap after GC invocations=8 (full 0):
 garbage-first heap   total 75776K, used 27748K [0x00000000c0000000, 0x0000000100000000)
  region size 1024K, 3 young (3072K), 3 survivors (3072K)
 Metaspace       used 30790K, committed 31104K, reserved 1081344K
  class space    used 4198K, committed 4352K, reserved 1048576K
}
Event: 8.404 GC heap before
{Heap before GC invocations=8 (full 0):
 garbage-first heap   total 75776K, used 57444K [0x00000000c0000000, 0x0000000100000000)
  region size 1024K, 32 young (32768K), 3 survivors (3072K)
 Metaspace       used 34986K, committed 35392K, reserved 1081344K
  class space    used 4747K, committed 4928K, reserved 1048576K
}
Event: 8.412 GC heap after
{Heap after GC invocations=9 (full 0):
 garbage-first heap   total 75776K, used 29587K [0x00000000c0000000, 0x0000000100000000)
  region size 1024K, 2 young (2048K), 2 survivors (2048K)
 Metaspace       used 34986K, committed 35392K, reserved 1081344K
  class space    used 4747K, committed 4928K, reserved 1048576K
}
Event: 8.476 GC heap before
{Heap before GC invocations=9 (full 0):
 garbage-first heap   total 75776K, used 31635K [0x00000000c0000000, 0x0000000100000000)
  region size 1024K, 5 young (5120K), 2 survivors (2048K)
 Metaspace       used 35286K, committed 35648K, reserved 1081344K
  class space    used 4788K, committed 4992K, reserved 1048576K
}
Event: 8.482 GC heap after
{Heap after GC invocations=10 (full 0):
 garbage-first heap   total 75776K, used 29605K [0x00000000c0000000, 0x0000000100000000)
  region size 1024K, 2 young (2048K), 2 survivors (2048K)
 Metaspace       used 35286K, committed 35648K, reserved 1081344K
  class space    used 4788K, committed 4992K, reserved 1048576K
}
Event: 9.425 GC heap before
{Heap before GC invocations=11 (full 0):
 garbage-first heap   total 75776K, used 57253K [0x00000000c0000000, 0x0000000100000000)
  region size 1024K, 30 young (30720K), 2 survivors (2048K)
 Metaspace       used 37774K, committed 38208K, reserved 1089536K
  class space    used 5105K, committed 5312K, reserved 1048576K
}
Event: 9.432 GC heap after
{Heap after GC invocations=12 (full 0):
 garbage-first heap   total 75776K, used 31121K [0x00000000c0000000, 0x0000000100000000)
  region size 1024K, 4 young (4096K), 4 survivors (4096K)
 Metaspace       used 37774K, committed 38208K, reserved 1089536K
  class space    used 5105K, committed 5312K, reserved 1048576K
}
Event: 10.144 GC heap before
{Heap before GC invocations=12 (full 0):
 garbage-first heap   total 75776K, used 61841K [0x00000000c0000000, 0x0000000100000000)
  region size 1024K, 31 young (31744K), 4 survivors (4096K)
 Metaspace       used 39386K, committed 39808K, reserved 1089536K
  class space    used 5298K, committed 5504K, reserved 1048576K
}
Event: 10.160 GC heap after
{Heap after GC invocations=13 (full 0):
 garbage-first heap   total 75776K, used 41891K [0x00000000c0000000, 0x0000000100000000)
  region size 1024K, 4 young (4096K), 4 survivors (4096K)
 Metaspace       used 39386K, committed 39808K, reserved 1089536K
  class space    used 5298K, committed 5504K, reserved 1048576K
}
Event: 10.842 GC heap before
{Heap before GC invocations=13 (full 0):
 garbage-first heap   total 75776K, used 59299K [0x00000000c0000000, 0x0000000100000000)
  region size 1024K, 21 young (21504K), 4 survivors (4096K)
 Metaspace       used 41953K, committed 42368K, reserved 1089536K
  class space    used 5623K, committed 5824K, reserved 1048576K
}
Event: 10.846 GC heap after
{Heap after GC invocations=14 (full 0):
 garbage-first heap   total 75776K, used 42804K [0x00000000c0000000, 0x0000000100000000)
  region size 1024K, 1 young (1024K), 1 survivors (1024K)
 Metaspace       used 41953K, committed 42368K, reserved 1089536K
  class space    used 5623K, committed 5824K, reserved 1048576K
}
Event: 12.009 GC heap before
{Heap before GC invocations=15 (full 0):
 garbage-first heap   total 76800K, used 59188K [0x00000000c0000000, 0x0000000100000000)
  region size 1024K, 17 young (17408K), 1 survivors (1024K)
 Metaspace       used 45076K, committed 45504K, reserved 1089536K
  class space    used 5983K, committed 6208K, reserved 1048576K
}
Event: 12.011 GC heap after
{Heap after GC invocations=16 (full 0):
 garbage-first heap   total 76800K, used 43460K [0x00000000c0000000, 0x0000000100000000)
  region size 1024K, 2 young (2048K), 2 survivors (2048K)
 Metaspace       used 45076K, committed 45504K, reserved 1089536K
  class space    used 5983K, committed 6208K, reserved 1048576K
}
Event: 12.781 GC heap before
{Heap before GC invocations=16 (full 0):
 garbage-first heap   total 76800K, used 59844K [0x00000000c0000000, 0x0000000100000000)
  region size 1024K, 19 young (19456K), 2 survivors (2048K)
 Metaspace       used 47817K, committed 48320K, reserved 1097728K
  class space    used 6303K, committed 6528K, reserved 1048576K
}
Event: 12.785 GC heap after
{Heap after GC invocations=17 (full 0):
 garbage-first heap   total 76800K, used 44271K [0x00000000c0000000, 0x0000000100000000)
  region size 1024K, 3 young (3072K), 3 survivors (3072K)
 Metaspace       used 47817K, committed 48320K, reserved 1097728K
  class space    used 6303K, committed 6528K, reserved 1048576K
}
Event: 13.473 GC heap before
{Heap before GC invocations=18 (full 0):
 garbage-first heap   total 78848K, used 60655K [0x00000000c0000000, 0x0000000100000000)
  region size 1024K, 20 young (20480K), 3 survivors (3072K)
 Metaspace       used 50731K, committed 51200K, reserved 1097728K
  class space    used 6655K, committed 6848K, reserved 1048576K
}
Event: 13.485 GC heap after
{Heap after GC invocations=19 (full 0):
 garbage-first heap   total 78848K, used 48297K [0x00000000c0000000, 0x0000000100000000)
  region size 1024K, 3 young (3072K), 3 survivors (3072K)
 Metaspace       used 50731K, committed 51200K, reserved 1097728K
  class space    used 6655K, committed 6848K, reserved 1048576K
}
Event: 13.897 GC heap before
{Heap before GC invocations=19 (full 0):
 garbage-first heap   total 78848K, used 62633K [0x00000000c0000000, 0x0000000100000000)
  region size 1024K, 17 young (17408K), 3 survivors (3072K)
 Metaspace       used 52244K, committed 52672K, reserved 1097728K
  class space    used 6842K, committed 7040K, reserved 1048576K
}
Event: 13.904 GC heap after
{Heap after GC invocations=20 (full 0):
 garbage-first heap   total 78848K, used 50023K [0x00000000c0000000, 0x0000000100000000)
  region size 1024K, 2 young (2048K), 2 survivors (2048K)
 Metaspace       used 52244K, committed 52672K, reserved 1097728K
  class space    used 6842K, committed 7040K, reserved 1048576K
}

