# JRE version: Java(TM) SE Runtime Environment (16.0.2+7) (build 16.0.2+7-67)
# Java VM: Java HotSpot(TM) 64-Bit Server VM (16.0.2+7-67, mixed mode, sharing, tiered, compressed oops, compressed class ptrs, g1 gc, windows-amd64)
GC Precious Log:
 CPUs: 4 total, 4 available
 Memory: 8089M
 Large Page Support: Disabled
 NUMA Support: Disabled
 Compressed Oops: Enabled (32-bit)
 Heap Region Size: 1M
 Heap Min Capacity: 8M
 Heap Initial Capacity: 128M
 Heap Max Capacity: 1536M
 Pre-touch: Disabled
 Parallel Workers: 4
 Concurrent Workers: 1
 Concurrent Refinement Workers: 4
 Periodic GC: Disabled
Heap:
 garbage-first heap   total 144384K, used 92602K [0x00000000a0000000, 0x0000000100000000)
  region size 1024K, 17 young (17408K), 6 survivors (6144K)
 Metaspace       used 72502K, committed 73088K, reserved 1114112K
  class space    used 9639K, committed 9920K, reserved 1048576K
GC Heap History (20 events):
Event: 10.039 GC heap before
{Heap before GC invocations=21 (full 0):
 garbage-first heap   total 101376K, used 77580K [0x00000000a0000000, 0x0000000100000000)
  region size 1024K, 29 young (29696K), 4 survivors (4096K)
 Metaspace       used 53470K, committed 53952K, reserved 1097728K
  class space    used 6979K, committed 7168K, reserved 1048576K
}
Event: 10.047 GC heap after
{Heap after GC invocations=22 (full 0):
 garbage-first heap   total 101376K, used 55065K [0x00000000a0000000, 0x0000000100000000)
  region size 1024K, 2 young (2048K), 2 survivors (2048K)
 Metaspace       used 53470K, committed 53952K, reserved 1097728K
  class space    used 6979K, committed 7168K, reserved 1048576K
}
Event: 10.056 GC heap before
{Heap before GC invocations=22 (full 0):
 garbage-first heap   total 101376K, used 55065K [0x00000000a0000000, 0x0000000100000000)
  region size 1024K, 3 young (3072K), 2 survivors (2048K)
 Metaspace       used 53470K, committed 53952K, reserved 1097728K
  class space    used 6979K, committed 7168K, reserved 1048576K
}
Event: 10.059 GC heap after
{Heap after GC invocations=23 (full 0):
 garbage-first heap   total 101376K, used 55293K [0x00000000a0000000, 0x0000000100000000)
  region size 1024K, 3 young (3072K), 3 survivors (3072K)
 Metaspace       used 53470K, committed 53952K, reserved 1097728K
  class space    used 6979K, committed 7168K, reserved 1048576K
}
Event: 10.439 GC heap before
{Heap before GC invocations=24 (full 0):
 garbage-first heap   total 102400K, used 78845K [0x00000000a0000000, 0x0000000100000000)
  region size 1024K, 25 young (25600K), 3 survivors (3072K)
 Metaspace       used 54293K, committed 54784K, reserved 1097728K
  class space    used 7110K, committed 7296K, reserved 1048576K
}
Event: 10.445 GC heap after
{Heap after GC invocations=25 (full 0):
 garbage-first heap   total 102400K, used 57189K [0x00000000a0000000, 0x0000000100000000)
  region size 1024K, 4 young (4096K), 4 survivors (4096K)
 Metaspace       used 54293K, committed 54784K, reserved 1097728K
  class space    used 7110K, committed 7296K, reserved 1048576K
}
Event: 10.817 GC heap before
{Heap before GC invocations=25 (full 0):
 garbage-first heap   total 102400K, used 79717K [0x00000000a0000000, 0x0000000100000000)
  region size 1024K, 26 young (26624K), 4 survivors (4096K)
 Metaspace       used 56764K, committed 57280K, reserved 1105920K
  class space    used 7477K, committed 7680K, reserved 1048576K
}
Event: 10.824 GC heap after
{Heap after GC invocations=26 (full 0):
 garbage-first heap   total 102400K, used 59061K [0x00000000a0000000, 0x0000000100000000)
  region size 1024K, 2 young (2048K), 2 survivors (2048K)
 Metaspace       used 56764K, committed 57280K, reserved 1105920K
  class space    used 7477K, committed 7680K, reserved 1048576K
}
Event: 11.279 GC heap before
{Heap before GC invocations=27 (full 0):
 garbage-first heap   total 109568K, used 80565K [0x00000000a0000000, 0x0000000100000000)
  region size 1024K, 23 young (23552K), 2 survivors (2048K)
 Metaspace       used 59591K, committed 60160K, reserved 1105920K
  class space    used 7938K, committed 8192K, reserved 1048576K
}
Event: 11.286 GC heap after
{Heap after GC invocations=28 (full 0):
 garbage-first heap   total 109568K, used 60599K [0x00000000a0000000, 0x0000000100000000)
  region size 1024K, 2 young (2048K), 2 survivors (2048K)
 Metaspace       used 59591K, committed 60160K, reserved 1105920K
  class space    used 7938K, committed 8192K, reserved 1048576K
}
Event: 11.856 GC heap before
{Heap before GC invocations=28 (full 0):
 garbage-first heap   total 109568K, used 85175K [0x00000000a0000000, 0x0000000100000000)
  region size 1024K, 27 young (27648K), 2 survivors (2048K)
 Metaspace       used 61697K, committed 62272K, reserved 1105920K
  class space    used 8252K, committed 8512K, reserved 1048576K
}
Event: 11.868 GC heap after
{Heap after GC invocations=29 (full 0):
 garbage-first heap   total 109568K, used 62450K [0x00000000a0000000, 0x0000000100000000)
  region size 1024K, 4 young (4096K), 4 survivors (4096K)
 Metaspace       used 61697K, committed 62272K, reserved 1105920K
  class space    used 8252K, committed 8512K, reserved 1048576K
}
Event: 12.368 GC heap before
{Heap before GC invocations=30 (full 0):
 garbage-first heap   total 119808K, used 86002K [0x00000000a0000000, 0x0000000100000000)
  region size 1024K, 28 young (28672K), 4 survivors (4096K)
 Metaspace       used 64566K, committed 65152K, reserved 1105920K
  class space    used 8689K, committed 8960K, reserved 1048576K
}
Event: 12.375 GC heap after
{Heap after GC invocations=31 (full 0):
 garbage-first heap   total 119808K, used 64023K [0x00000000a0000000, 0x0000000100000000)
  region size 1024K, 4 young (4096K), 4 survivors (4096K)
 Metaspace       used 64566K, committed 65152K, reserved 1105920K
  class space    used 8689K, committed 8960K, reserved 1048576K
}
Event: 13.026 GC heap before
{Heap before GC invocations=31 (full 0):
 garbage-first heap   total 119808K, used 95767K [0x00000000a0000000, 0x0000000100000000)
  region size 1024K, 36 young (36864K), 4 survivors (4096K)
 Metaspace       used 68788K, committed 69312K, reserved 1114112K
  class space    used 9143K, committed 9344K, reserved 1048576K
}
Event: 13.039 GC heap after
{Heap after GC invocations=32 (full 0):
 garbage-first heap   total 144384K, used 68058K [0x00000000a0000000, 0x0000000100000000)
  region size 1024K, 5 young (5120K), 5 survivors (5120K)
 Metaspace       used 68788K, committed 69312K, reserved 1114112K
  class space    used 9143K, committed 9344K, reserved 1048576K
}
Event: 14.223 GC heap before
{Heap before GC invocations=33 (full 0):
 garbage-first heap   total 144384K, used 113114K [0x00000000a0000000, 0x0000000100000000)
  region size 1024K, 49 young (50176K), 5 survivors (5120K)
 Metaspace       used 70971K, committed 71552K, reserved 1114112K
  class space    used 9478K, committed 9792K, reserved 1048576K
}
Event: 14.236 GC heap after
{Heap after GC invocations=34 (full 0):
 garbage-first heap   total 144384K, used 71930K [0x00000000a0000000, 0x0000000100000000)
  region size 1024K, 4 young (4096K), 4 survivors (4096K)
 Metaspace       used 70971K, committed 71552K, reserved 1114112K
  class space    used 9478K, committed 9792K, reserved 1048576K
}
Event: 15.479 GC heap before
{Heap before GC invocations=34 (full 0):
 garbage-first heap   total 144384K, used 112890K [0x00000000a0000000, 0x0000000100000000)
  region size 1024K, 45 young (46080K), 4 survivors (4096K)
 Metaspace       used 72472K, committed 73088K, reserved 1114112K
  class space    used 9639K, committed 9920K, reserved 1048576K
}
Event: 15.492 GC heap after
{Heap after GC invocations=35 (full 0):
 garbage-first heap   total 144384K, used 80314K [0x00000000a0000000, 0x0000000100000000)
  region size 1024K, 6 young (6144K), 6 survivors (6144K)
 Metaspace       used 72472K, committed 73088K, reserved 1114112K
  class space    used 9639K, committed 9920K, reserved 1048576K
}

