# JRE version: Java(TM) SE Runtime Environment (16.0.2+7) (build 16.0.2+7-67)
# Java VM: Java HotSpot(TM) 64-Bit Server VM (16.0.2+7-67, mixed mode, sharing, tiered, compressed oops, compressed class ptrs, g1 gc, windows-amd64)
GC Precious Log:
 CPUs: 4 total, 4 available
 Memory: 8089M
 Large Page Support: Disabled
 NUMA Support: Disabled
 Compressed Oops: Enabled (32-bit)
 Heap Region Size: 1M
 Heap Min Capacity: 8M
 Heap Initial Capacity: 128M
 Heap Max Capacity: 1G
 Pre-touch: Disabled
 Parallel Workers: 4
 Concurrent Workers: 1
 Concurrent Refinement Workers: 4
 Periodic GC: Disabled
Heap:
 garbage-first heap   total 75776K, used 27912K [0x00000000c0000000, 0x0000000100000000)
  region size 1024K, 4 young (4096K), 3 survivors (3072K)
 Metaspace       used 30656K, committed 30976K, reserved 1081344K
  class space    used 4176K, committed 4352K, reserved 1048576K
GC Heap History (12 events):
Event: 0.742 GC heap before
{Heap before GC invocations=0 (full 0):
 garbage-first heap   total 131072K, used 15360K [0x00000000c0000000, 0x0000000100000000)
  region size 1024K, 13 young (13312K), 0 survivors (0K)
 Metaspace       used 1038K, committed 1216K, reserved 1056768K
  class space    used 73K, committed 128K, reserved 1048576K
}
Event: 0.748 GC heap after
{Heap after GC invocations=1 (full 0):
 garbage-first heap   total 131072K, used 3402K [0x00000000c0000000, 0x0000000100000000)
  region size 1024K, 2 young (2048K), 2 survivors (2048K)
 Metaspace       used 1038K, committed 1216K, reserved 1056768K
  class space    used 73K, committed 128K, reserved 1048576K
}
Event: 1.337 GC heap before
{Heap before GC invocations=1 (full 0):
 garbage-first heap   total 131072K, used 21834K [0x00000000c0000000, 0x0000000100000000)
  region size 1024K, 18 young (18432K), 2 survivors (2048K)
 Metaspace       used 3860K, committed 4032K, reserved 1056768K
  class space    used 469K, committed 576K, reserved 1048576K
}
Event: 1.342 GC heap after
{Heap after GC invocations=2 (full 0):
 garbage-first heap   total 131072K, used 9547K [0x00000000c0000000, 0x0000000100000000)
  region size 1024K, 3 young (3072K), 3 survivors (3072K)
 Metaspace       used 3860K, committed 4032K, reserved 1056768K
  class space    used 469K, committed 576K, reserved 1048576K
}
Event: 1.694 GC heap before
{Heap before GC invocations=2 (full 0):
 garbage-first heap   total 131072K, used 31051K [0x00000000c0000000, 0x0000000100000000)
  region size 1024K, 24 young (24576K), 3 survivors (3072K)
 Metaspace       used 4060K, committed 4288K, reserved 1056768K
  class space    used 484K, committed 576K, reserved 1048576K
}
Event: 1.699 GC heap after
{Heap after GC invocations=3 (full 0):
 garbage-first heap   total 131072K, used 10088K [0x00000000c0000000, 0x0000000100000000)
  region size 1024K, 1 young (1024K), 1 survivors (1024K)
 Metaspace       used 4060K, committed 4288K, reserved 1056768K
  class space    used 484K, committed 576K, reserved 1048576K
}
Event: 4.405 GC heap before
{Heap before GC invocations=3 (full 0):
 garbage-first heap   total 131072K, used 86888K [0x00000000c0000000, 0x0000000100000000)
  region size 1024K, 76 young (77824K), 1 survivors (1024K)
 Metaspace       used 16041K, committed 16320K, reserved 1064960K
  class space    used 2306K, committed 2432K, reserved 1048576K
}
Event: 4.415 GC heap after
{Heap after GC invocations=4 (full 0):
 garbage-first heap   total 131072K, used 18401K [0x00000000c0000000, 0x0000000100000000)
  region size 1024K, 9 young (9216K), 9 survivors (9216K)
 Metaspace       used 16041K, committed 16320K, reserved 1064960K
  class space    used 2306K, committed 2432K, reserved 1048576K
}
Event: 5.443 GC heap before
{Heap before GC invocations=4 (full 0):
 garbage-first heap   total 131072K, used 54241K [0x00000000c0000000, 0x0000000100000000)
  region size 1024K, 45 young (46080K), 9 survivors (9216K)
 Metaspace       used 20950K, committed 21248K, reserved 1073152K
  class space    used 3096K, committed 3264K, reserved 1048576K
}
Event: 5.454 GC heap after
{Heap after GC invocations=5 (full 0):
 garbage-first heap   total 131072K, used 20613K [0x00000000c0000000, 0x0000000100000000)
  region size 1024K, 2 young (2048K), 2 survivors (2048K)
 Metaspace       used 20950K, committed 21248K, reserved 1073152K
  class space    used 3096K, committed 3264K, reserved 1048576K
}
Event: 6.710 GC heap before
{Heap before GC invocations=6 (full 0):
 garbage-first heap   total 75776K, used 63621K [0x00000000c0000000, 0x0000000100000000)
  region size 1024K, 44 young (45056K), 2 survivors (2048K)
 Metaspace       used 27265K, committed 27584K, reserved 1073152K
  class space    used 3792K, committed 3904K, reserved 1048576K
}
Event: 6.723 GC heap after
{Heap after GC invocations=7 (full 0):
 garbage-first heap   total 75776K, used 25176K [0x00000000c0000000, 0x0000000100000000)
  region size 1024K, 6 young (6144K), 6 survivors (6144K)
 Metaspace       used 27265K, committed 27584K, reserved 1073152K
  class space    used 3792K, committed 3904K, reserved 1048576K
}

