# JRE version: OpenJDK Runtime Environment (11.0.10) (build 11.0.10+0-b96-7249189)
# Java VM: OpenJDK 64-Bit Server VM (11.0.10+0-b96-7249189, mixed mode, tiered, compressed oops, g1 gc, windows-amd64)
Heap:
 garbage-first heap   total 157696K, used 111987K [0x00000000c0000000, 0x0000000100000000)
  region size 1024K, 20 young (20480K), 2 survivors (2048K)
 Metaspace       used 84000K, capacity 86123K, committed 86348K, reserved 1124352K
  class space    used 10739K, capacity 11486K, committed 11596K, reserved 1048576K
GC Heap History (20 events):
Event: 9.540 GC heap before
{Heap before GC invocations=11 (full 0):
 garbage-first heap   total 131072K, used 92074K [0x00000000c0000000, 0x0000000100000000)
  region size 1024K, 72 young (73728K), 9 survivors (9216K)
 Metaspace       used 45362K, capacity 46542K, committed 46720K, reserved 1089536K
  class space    used 5825K, capacity 6228K, committed 6272K, reserved 1048576K
}
Event: 9.554 GC heap after
{Heap after GC invocations=12 (full 0):
 garbage-first heap   total 131072K, used 29361K [0x00000000c0000000, 0x0000000100000000)
  region size 1024K, 3 young (3072K), 3 survivors (3072K)
 Metaspace       used 45362K, capacity 46542K, committed 46720K, reserved 1089536K
  class space    used 5825K, capacity 6228K, committed 6272K, reserved 1048576K
}
Event: 11.027 GC heap before
{Heap before GC invocations=12 (full 0):
 garbage-first heap   total 131072K, used 101041K [0x00000000c0000000, 0x0000000100000000)
  region size 1024K, 70 young (71680K), 3 survivors (3072K)
 Metaspace       used 49956K, capacity 51303K, committed 51456K, reserved 1093632K
  class space    used 6361K, capacity 6837K, committed 6912K, reserved 1048576K
}
Event: 11.037 GC heap after
{Heap after GC invocations=13 (full 0):
 garbage-first heap   total 131072K, used 41265K [0x00000000c0000000, 0x0000000100000000)
  region size 1024K, 9 young (9216K), 9 survivors (9216K)
 Metaspace       used 49956K, capacity 51303K, committed 51456K, reserved 1093632K
  class space    used 6361K, capacity 6837K, committed 6912K, reserved 1048576K
}
Event: 13.040 GC heap before
{Heap before GC invocations=13 (full 0):
 garbage-first heap   total 131072K, used 95537K [0x00000000c0000000, 0x0000000100000000)
  region size 1024K, 63 young (64512K), 9 survivors (9216K)
 Metaspace       used 58686K, capacity 60150K, committed 60160K, reserved 1101824K
  class space    used 7395K, capacity 7926K, committed 7936K, reserved 1048576K
}
Event: 13.066 GC heap after
{Heap after GC invocations=14 (full 0):
 garbage-first heap   total 131072K, used 44617K [0x00000000c0000000, 0x0000000100000000)
  region size 1024K, 3 young (3072K), 3 survivors (3072K)
 Metaspace       used 58686K, capacity 60150K, committed 60160K, reserved 1101824K
  class space    used 7395K, capacity 7926K, committed 7936K, reserved 1048576K
}
Event: 14.789 GC heap before
{Heap before GC invocations=15 (full 0):
 garbage-first heap   total 131072K, used 99913K [0x00000000c0000000, 0x0000000100000000)
  region size 1024K, 57 young (58368K), 3 survivors (3072K)
 Metaspace       used 64129K, capacity 65625K, committed 65740K, reserved 1105920K
  class space    used 8064K, capacity 8608K, committed 8652K, reserved 1048576K
}
Event: 14.819 GC heap after
{Heap after GC invocations=16 (full 0):
 garbage-first heap   total 131072K, used 49060K [0x00000000c0000000, 0x0000000100000000)
  region size 1024K, 8 young (8192K), 8 survivors (8192K)
 Metaspace       used 64129K, capacity 65625K, committed 65740K, reserved 1105920K
  class space    used 8064K, capacity 8608K, committed 8652K, reserved 1048576K
}
Event: 16.401 GC heap before
{Heap before GC invocations=17 (full 0):
 garbage-first heap   total 131072K, used 101284K [0x00000000c0000000, 0x0000000100000000)
  region size 1024K, 59 young (60416K), 8 survivors (8192K)
 Metaspace       used 68153K, capacity 69797K, committed 70092K, reserved 1110016K
  class space    used 8727K, capacity 9314K, committed 9420K, reserved 1048576K
}
Event: 16.421 GC heap after
{Heap after GC invocations=18 (full 0):
 garbage-first heap   total 157696K, used 52713K [0x00000000c0000000, 0x0000000100000000)
  region size 1024K, 5 young (5120K), 5 survivors (5120K)
 Metaspace       used 68153K, capacity 69797K, committed 70092K, reserved 1110016K
  class space    used 8727K, capacity 9314K, committed 9420K, reserved 1048576K
}
Event: 18.362 GC heap before
{Heap before GC invocations=18 (full 0):
 garbage-first heap   total 157696K, used 117225K [0x00000000c0000000, 0x0000000100000000)
  region size 1024K, 68 young (69632K), 5 survivors (5120K)
 Metaspace       used 75644K, capacity 77353K, committed 77516K, reserved 1116160K
  class space    used 9789K, capacity 10420K, committed 10444K, reserved 1048576K
}
Event: 18.374 GC heap after
{Heap after GC invocations=19 (full 0):
 garbage-first heap   total 157696K, used 56502K [0x00000000c0000000, 0x0000000100000000)
  region size 1024K, 8 young (8192K), 8 survivors (8192K)
 Metaspace       used 75644K, capacity 77353K, committed 77516K, reserved 1116160K
  class space    used 9789K, capacity 10420K, committed 10444K, reserved 1048576K
}
Event: 20.076 GC heap before
{Heap before GC invocations=19 (full 0):
 garbage-first heap   total 157696K, used 118966K [0x00000000c0000000, 0x0000000100000000)
  region size 1024K, 70 young (71680K), 8 survivors (8192K)
 Metaspace       used 81159K, capacity 83156K, committed 83404K, reserved 1122304K
  class space    used 10465K, capacity 11169K, committed 11212K, reserved 1048576K
}
Event: 20.095 GC heap after
{Heap after GC invocations=20 (full 0):
 garbage-first heap   total 157696K, used 62192K [0x00000000c0000000, 0x0000000100000000)
  region size 1024K, 9 young (9216K), 9 survivors (9216K)
 Metaspace       used 81159K, capacity 83156K, committed 83404K, reserved 1122304K
  class space    used 10465K, capacity 11169K, committed 11212K, reserved 1048576K
}
Event: 21.774 GC heap before
{Heap before GC invocations=20 (full 0):
 garbage-first heap   total 157696K, used 121584K [0x00000000c0000000, 0x0000000100000000)
  region size 1024K, 68 young (69632K), 9 survivors (9216K)
 Metaspace       used 82809K, capacity 84838K, committed 84940K, reserved 1122304K
  class space    used 10645K, capacity 11376K, committed 11468K, reserved 1048576K
}
Event: 21.793 GC heap after
{Heap after GC invocations=21 (full 0):
 garbage-first heap   total 157696K, used 68738K [0x00000000c0000000, 0x0000000100000000)
  region size 1024K, 7 young (7168K), 7 survivors (7168K)
 Metaspace       used 82809K, capacity 84838K, committed 84940K, reserved 1122304K
  class space    used 10645K, capacity 11376K, committed 11468K, reserved 1048576K
}
Event: 23.721 GC heap before
{Heap before GC invocations=21 (full 0):
 garbage-first heap   total 157696K, used 127106K [0x00000000c0000000, 0x0000000100000000)
  region size 1024K, 62 young (63488K), 7 survivors (7168K)
 Metaspace       used 83737K, capacity 85812K, committed 85964K, reserved 1124352K
  class space    used 10720K, capacity 11468K, committed 11468K, reserved 1048576K
}
Event: 23.745 GC heap after
{Heap after GC invocations=22 (full 0):
 garbage-first heap   total 157696K, used 84732K [0x00000000c0000000, 0x0000000100000000)
  region size 1024K, 8 young (8192K), 8 survivors (8192K)
 Metaspace       used 83737K, capacity 85812K, committed 85964K, reserved 1124352K
  class space    used 10720K, capacity 11468K, committed 11468K, reserved 1048576K
}
Event: 23.867 GC heap before
{Heap before GC invocations=22 (full 0):
 garbage-first heap   total 157696K, used 88828K [0x00000000c0000000, 0x0000000100000000)
  region size 1024K, 13 young (13312K), 8 survivors (8192K)
 Metaspace       used 83975K, capacity 86007K, committed 86348K, reserved 1124352K
  class space    used 10745K, capacity 11469K, committed 11596K, reserved 1048576K
}
Event: 23.886 GC heap after
{Heap after GC invocations=23 (full 0):
 garbage-first heap   total 157696K, used 87411K [0x00000000c0000000, 0x0000000100000000)
  region size 1024K, 2 young (2048K), 2 survivors (2048K)
 Metaspace       used 83975K, capacity 86007K, committed 86348K, reserved 1124352K
  class space    used 10745K, capacity 11469K, committed 11596K, reserved 1048576K
}

