# JRE version: Java(TM) SE Runtime Environment (16.0.2+7) (build 16.0.2+7-67)
# Java VM: Java HotSpot(TM) 64-Bit Server VM (16.0.2+7-67, mixed mode, sharing, tiered, compressed oops, compressed class ptrs, g1 gc, windows-amd64)
GC Precious Log:
 CPUs: 4 total, 4 available
 Memory: 8089M
 Large Page Support: Disabled
 NUMA Support: Disabled
 Compressed Oops: Enabled (32-bit)
 Heap Region Size: 1M
 Heap Min Capacity: 8M
 Heap Initial Capacity: 128M
 Heap Max Capacity: 1536M
 Pre-touch: Disabled
 Parallel Workers: 4
 Concurrent Workers: 1
 Concurrent Refinement Workers: 4
 Periodic GC: Disabled
Heap:
 garbage-first heap   total 209920K, used 165746K [0x00000000a0000000, 0x0000000100000000)
  region size 1024K, 52 young (53248K), 3 survivors (3072K)
 Metaspace       used 99169K, committed 100032K, reserved 1138688K
  class space    used 12842K, committed 13248K, reserved 1048576K
GC Heap History (20 events):
Event: 19.228 GC heap before
{Heap before GC invocations=29 (full 0):
 garbage-first heap   total 159744K, used 123312K [0x00000000a0000000, 0x0000000100000000)
  region size 1024K, 38 young (38912K), 4 survivors (4096K)
 Metaspace       used 66168K, committed 66752K, reserved 1114112K
  class space    used 8798K, committed 9088K, reserved 1048576K
}
Event: 19.237 GC heap after
{Heap after GC invocations=30 (full 0):
 garbage-first heap   total 159744K, used 90978K [0x00000000a0000000, 0x0000000100000000)
  region size 1024K, 3 young (3072K), 3 survivors (3072K)
 Metaspace       used 66168K, committed 66752K, reserved 1114112K
  class space    used 8798K, committed 9088K, reserved 1048576K
}
Event: 20.267 GC heap before
{Heap before GC invocations=31 (full 0):
 garbage-first heap   total 162816K, used 126818K [0x00000000a0000000, 0x0000000100000000)
  region size 1024K, 38 young (38912K), 3 survivors (3072K)
 Metaspace       used 69244K, committed 69888K, reserved 1114112K
  class space    used 9225K, committed 9472K, reserved 1048576K
}
Event: 20.276 GC heap after
{Heap after GC invocations=32 (full 0):
 garbage-first heap   total 162816K, used 93532K [0x00000000a0000000, 0x0000000100000000)
  region size 1024K, 5 young (5120K), 5 survivors (5120K)
 Metaspace       used 69244K, committed 69888K, reserved 1114112K
  class space    used 9225K, committed 9472K, reserved 1048576K
}
Event: 21.291 GC heap before
{Heap before GC invocations=32 (full 0):
 garbage-first heap   total 162816K, used 129372K [0x00000000a0000000, 0x0000000100000000)
  region size 1024K, 41 young (41984K), 5 survivors (5120K)
 Metaspace       used 72701K, committed 73408K, reserved 1114112K
  class space    used 9576K, committed 9856K, reserved 1048576K
}
Event: 21.307 GC heap after
{Heap after GC invocations=33 (full 0):
 garbage-first heap   total 162816K, used 97787K [0x00000000a0000000, 0x0000000100000000)
  region size 1024K, 6 young (6144K), 6 survivors (6144K)
 Metaspace       used 72701K, committed 73408K, reserved 1114112K
  class space    used 9576K, committed 9856K, reserved 1048576K
}
Event: 21.956 GC heap before
{Heap before GC invocations=34 (full 0):
 garbage-first heap   total 176128K, used 130555K [0x00000000a0000000, 0x0000000100000000)
  region size 1024K, 38 young (38912K), 6 survivors (6144K)
 Metaspace       used 74458K, committed 75200K, reserved 1114112K
  class space    used 9818K, committed 10112K, reserved 1048576K
}
Event: 21.970 GC heap after
{Heap after GC invocations=35 (full 0):
 garbage-first heap   total 176128K, used 101191K [0x00000000a0000000, 0x0000000100000000)
  region size 1024K, 3 young (3072K), 3 survivors (3072K)
 Metaspace       used 74458K, committed 75200K, reserved 1114112K
  class space    used 9818K, committed 10112K, reserved 1048576K
}
Event: 22.889 GC heap before
{Heap before GC invocations=35 (full 0):
 garbage-first heap   total 176128K, used 121671K [0x00000000a0000000, 0x0000000100000000)
  region size 1024K, 25 young (25600K), 3 survivors (3072K)
 Metaspace       used 76721K, committed 77440K, reserved 1122304K
  class space    used 10104K, committed 10432K, reserved 1048576K
}
Event: 22.897 GC heap after
{Heap after GC invocations=36 (full 0):
 garbage-first heap   total 176128K, used 103239K [0x00000000a0000000, 0x0000000100000000)
  region size 1024K, 5 young (5120K), 5 survivors (5120K)
 Metaspace       used 76721K, committed 77440K, reserved 1122304K
  class space    used 10104K, committed 10432K, reserved 1048576K
}
Event: 24.411 GC heap before
{Heap before GC invocations=37 (full 0):
 garbage-first heap   total 183296K, used 144199K [0x00000000a0000000, 0x0000000100000000)
  region size 1024K, 44 young (45056K), 5 survivors (5120K)
 Metaspace       used 83337K, committed 84096K, reserved 1122304K
  class space    used 10867K, committed 11200K, reserved 1048576K
}
Event: 24.421 GC heap after
{Heap after GC invocations=38 (full 0):
 garbage-first heap   total 183296K, used 105199K [0x00000000a0000000, 0x0000000100000000)
  region size 1024K, 5 young (5120K), 5 survivors (5120K)
 Metaspace       used 83337K, committed 84096K, reserved 1122304K
  class space    used 10867K, committed 11200K, reserved 1048576K
}
Event: 25.770 GC heap before
{Heap before GC invocations=38 (full 0):
 garbage-first heap   total 183296K, used 148207K [0x00000000a0000000, 0x0000000100000000)
  region size 1024K, 48 young (49152K), 5 survivors (5120K)
 Metaspace       used 85995K, committed 86784K, reserved 1130496K
  class space    used 11247K, committed 11584K, reserved 1048576K
}
Event: 25.782 GC heap after
{Heap after GC invocations=39 (full 0):
 garbage-first heap   total 183296K, used 108529K [0x00000000a0000000, 0x0000000100000000)
  region size 1024K, 6 young (6144K), 6 survivors (6144K)
 Metaspace       used 85995K, committed 86784K, reserved 1130496K
  class space    used 11247K, committed 11584K, reserved 1048576K
}
Event: 26.948 GC heap before
{Heap before GC invocations=40 (full 0):
 garbage-first heap   total 189440K, used 149489K [0x00000000a0000000, 0x0000000100000000)
  region size 1024K, 47 young (48128K), 6 survivors (6144K)
 Metaspace       used 86847K, committed 87616K, reserved 1130496K
  class space    used 11315K, committed 11648K, reserved 1048576K
}
Event: 26.958 GC heap after
{Heap after GC invocations=41 (full 0):
 garbage-first heap   total 189440K, used 110844K [0x00000000a0000000, 0x0000000100000000)
  region size 1024K, 3 young (3072K), 3 survivors (3072K)
 Metaspace       used 86847K, committed 87616K, reserved 1130496K
  class space    used 11315K, committed 11648K, reserved 1048576K
}
Event: 30.162 GC heap before
{Heap before GC invocations=41 (full 0):
 garbage-first heap   total 189440K, used 156924K [0x00000000a0000000, 0x0000000100000000)
  region size 1024K, 48 young (49152K), 3 survivors (3072K)
 Metaspace       used 95089K, committed 95872K, reserved 1138688K
  class space    used 12366K, committed 12736K, reserved 1048576K
}
Event: 30.174 GC heap after
{Heap after GC invocations=42 (full 0):
 garbage-first heap   total 189440K, used 114200K [0x00000000a0000000, 0x0000000100000000)
  region size 1024K, 6 young (6144K), 6 survivors (6144K)
 Metaspace       used 95089K, committed 95872K, reserved 1138688K
  class space    used 12366K, committed 12736K, reserved 1048576K
}
Event: 33.900 GC heap before
{Heap before GC invocations=43 (full 0):
 garbage-first heap   total 204800K, used 143896K [0x00000000a0000000, 0x0000000100000000)
  region size 1024K, 37 young (37888K), 6 survivors (6144K)
 Metaspace       used 97601K, committed 98432K, reserved 1138688K
  class space    used 12674K, committed 13056K, reserved 1048576K
}
Event: 33.922 GC heap after
{Heap after GC invocations=44 (full 0):
 garbage-first heap   total 204800K, used 116594K [0x00000000a0000000, 0x0000000100000000)
  region size 1024K, 3 young (3072K), 3 survivors (3072K)
 Metaspace       used 97601K, committed 98432K, reserved 1138688K
  class space    used 12674K, committed 13056K, reserved 1048576K
}

