# JRE version: Java(TM) SE Runtime Environment (16.0.2+7) (build 16.0.2+7-67)
# Java VM: Java HotSpot(TM) 64-Bit Server VM (16.0.2+7-67, mixed mode, sharing, tiered, compressed oops, compressed class ptrs, g1 gc, windows-amd64)
GC Precious Log:
 CPUs: 4 total, 4 available
 Memory: 8089M
 Large Page Support: Disabled
 NUMA Support: Disabled
 Compressed Oops: Enabled (32-bit)
 Heap Region Size: 1M
 Heap Min Capacity: 8M
 Heap Initial Capacity: 128M
 Heap Max Capacity: 1G
 Pre-touch: Disabled
 Parallel Workers: 4
 Concurrent Workers: 1
 Concurrent Refinement Workers: 4
 Periodic GC: Disabled
Heap:
 garbage-first heap   total 345088K, used 203479K [0x00000000c0000000, 0x0000000100000000)
  region size 1024K, 65 young (66560K), 17 survivors (17408K)
 Metaspace       used 125897K, committed 127040K, reserved 1163264K
  class space    used 15900K, committed 16448K, reserved 1048576K
GC Heap History (20 events):
Event: 436.683 GC heap before
{Heap before GC invocations=98 (full 0):
 garbage-first heap   total 345088K, used 300413K [0x00000000c0000000, 0x0000000100000000)
  region size 1024K, 162 young (165888K), 7 survivors (7168K)
 Metaspace       used 115570K, committed 116544K, reserved 1155072K
  class space    used 14632K, committed 15104K, reserved 1048576K
}
Event: 436.697 GC heap after
{Heap after GC invocations=99 (full 0):
 garbage-first heap   total 345088K, used 141367K [0x00000000c0000000, 0x0000000100000000)
  region size 1024K, 8 young (8192K), 8 survivors (8192K)
 Metaspace       used 115570K, committed 116544K, reserved 1155072K
  class space    used 14632K, committed 15104K, reserved 1048576K
}
Event: 437.250 GC heap before
{Heap before GC invocations=99 (full 0):
 garbage-first heap   total 345088K, used 298039K [0x00000000c0000000, 0x0000000100000000)
  region size 1024K, 162 young (165888K), 8 survivors (8192K)
 Metaspace       used 115585K, committed 116544K, reserved 1155072K
  class space    used 14632K, committed 15104K, reserved 1048576K
}
Event: 437.261 GC heap after
{Heap after GC invocations=100 (full 0):
 garbage-first heap   total 345088K, used 141460K [0x00000000c0000000, 0x0000000100000000)
  region size 1024K, 8 young (8192K), 8 survivors (8192K)
 Metaspace       used 115585K, committed 116544K, reserved 1155072K
  class space    used 14632K, committed 15104K, reserved 1048576K
}
Event: 437.930 GC heap before
{Heap before GC invocations=100 (full 0):
 garbage-first heap   total 345088K, used 301204K [0x00000000c0000000, 0x0000000100000000)
  region size 1024K, 164 young (167936K), 8 survivors (8192K)
 Metaspace       used 115612K, committed 116608K, reserved 1155072K
  class space    used 14633K, committed 15104K, reserved 1048576K
}
Event: 437.949 GC heap after
{Heap after GC invocations=101 (full 0):
 garbage-first heap   total 345088K, used 148632K [0x00000000c0000000, 0x0000000100000000)
  region size 1024K, 15 young (15360K), 15 survivors (15360K)
 Metaspace       used 115612K, committed 116608K, reserved 1155072K
  class space    used 14633K, committed 15104K, reserved 1048576K
}
Event: 438.592 GC heap before
{Heap before GC invocations=101 (full 0):
 garbage-first heap   total 345088K, used 294040K [0x00000000c0000000, 0x0000000100000000)
  region size 1024K, 157 young (160768K), 15 survivors (15360K)
 Metaspace       used 115619K, committed 116608K, reserved 1155072K
  class space    used 14634K, committed 15104K, reserved 1048576K
}
Event: 438.608 GC heap after
{Heap after GC invocations=102 (full 0):
 garbage-first heap   total 345088K, used 146308K [0x00000000c0000000, 0x0000000100000000)
  region size 1024K, 8 young (8192K), 8 survivors (8192K)
 Metaspace       used 115619K, committed 116608K, reserved 1155072K
  class space    used 14634K, committed 15104K, reserved 1048576K
}
Event: 439.418 GC heap before
{Heap before GC invocations=102 (full 0):
 garbage-first heap   total 345088K, used 296836K [0x00000000c0000000, 0x0000000100000000)
  region size 1024K, 155 young (158720K), 8 survivors (8192K)
 Metaspace       used 115623K, committed 116608K, reserved 1155072K
  class space    used 14634K, committed 15104K, reserved 1048576K
}
Event: 439.427 GC heap after
{Heap after GC invocations=103 (full 0):
 garbage-first heap   total 345088K, used 145737K [0x00000000c0000000, 0x0000000100000000)
  region size 1024K, 7 young (7168K), 7 survivors (7168K)
 Metaspace       used 115623K, committed 116608K, reserved 1155072K
  class space    used 14634K, committed 15104K, reserved 1048576K
}
Event: 440.143 GC heap before
{Heap before GC invocations=103 (full 0):
 garbage-first heap   total 345088K, used 299337K [0x00000000c0000000, 0x0000000100000000)
  region size 1024K, 157 young (160768K), 7 survivors (7168K)
 Metaspace       used 115624K, committed 116608K, reserved 1155072K
  class space    used 14634K, committed 15104K, reserved 1048576K
}
Event: 440.151 GC heap after
{Heap after GC invocations=104 (full 0):
 garbage-first heap   total 345088K, used 145399K [0x00000000c0000000, 0x0000000100000000)
  region size 1024K, 7 young (7168K), 7 survivors (7168K)
 Metaspace       used 115624K, committed 116608K, reserved 1155072K
  class space    used 14634K, committed 15104K, reserved 1048576K
}
Event: 440.820 GC heap before
{Heap before GC invocations=104 (full 0):
 garbage-first heap   total 345088K, used 301047K [0x00000000c0000000, 0x0000000100000000)
  region size 1024K, 159 young (162816K), 7 survivors (7168K)
 Metaspace       used 115626K, committed 116608K, reserved 1155072K
  class space    used 14634K, committed 15104K, reserved 1048576K
}
Event: 440.830 GC heap after
{Heap after GC invocations=105 (full 0):
 garbage-first heap   total 345088K, used 145651K [0x00000000c0000000, 0x0000000100000000)
  region size 1024K, 7 young (7168K), 7 survivors (7168K)
 Metaspace       used 115626K, committed 116608K, reserved 1155072K
  class space    used 14634K, committed 15104K, reserved 1048576K
}
Event: 442.297 GC heap before
{Heap before GC invocations=105 (full 0):
 garbage-first heap   total 345088K, used 301299K [0x00000000c0000000, 0x0000000100000000)
  region size 1024K, 160 young (163840K), 7 survivors (7168K)
 Metaspace       used 121852K, committed 122816K, reserved 1163264K
  class space    used 15443K, committed 15936K, reserved 1048576K
}
Event: 442.303 GC heap after
{Heap after GC invocations=106 (full 0):
 garbage-first heap   total 345088K, used 141641K [0x00000000c0000000, 0x0000000100000000)
  region size 1024K, 3 young (3072K), 3 survivors (3072K)
 Metaspace       used 121852K, committed 122816K, reserved 1163264K
  class space    used 15443K, committed 15936K, reserved 1048576K
}
Event: 704.941 GC heap before
{Heap before GC invocations=106 (full 0):
 garbage-first heap   total 345088K, used 301385K [0x00000000c0000000, 0x0000000100000000)
  region size 1024K, 160 young (163840K), 3 survivors (3072K)
 Metaspace       used 125873K, committed 127040K, reserved 1163264K
  class space    used 15899K, committed 16448K, reserved 1048576K
}
Event: 704.961 GC heap after
{Heap after GC invocations=107 (full 0):
 garbage-first heap   total 345088K, used 148330K [0x00000000c0000000, 0x0000000100000000)
  region size 1024K, 10 young (10240K), 10 survivors (10240K)
 Metaspace       used 125873K, committed 127040K, reserved 1163264K
  class space    used 15899K, committed 16448K, reserved 1048576K
}
Event: 706.199 GC heap before
{Heap before GC invocations=107 (full 0):
 garbage-first heap   total 345088K, used 295786K [0x00000000c0000000, 0x0000000100000000)
  region size 1024K, 155 young (158720K), 10 survivors (10240K)
 Metaspace       used 125896K, committed 127040K, reserved 1163264K
  class space    used 15900K, committed 16448K, reserved 1048576K
}
Event: 706.219 GC heap after
{Heap after GC invocations=108 (full 0):
 garbage-first heap   total 345088K, used 155351K [0x00000000c0000000, 0x0000000100000000)
  region size 1024K, 17 young (17408K), 17 survivors (17408K)
 Metaspace       used 125896K, committed 127040K, reserved 1163264K
  class space    used 15900K, committed 16448K, reserved 1048576K
}

