# JRE version: Java(TM) SE Runtime Environment (16.0.2+7) (build 16.0.2+7-67)
# Java VM: Java HotSpot(TM) 64-Bit Server VM (16.0.2+7-67, mixed mode, sharing, tiered, compressed oops, compressed class ptrs, g1 gc, windows-amd64)
GC Precious Log:
 CPUs: 4 total, 4 available
 Memory: 8089M
 Large Page Support: Disabled
 NUMA Support: Disabled
 Compressed Oops: Enabled (32-bit)
 Heap Region Size: 1M
 Heap Min Capacity: 8M
 Heap Initial Capacity: 128M
 Heap Max Capacity: 1G
 Pre-touch: Disabled
 Parallel Workers: 4
 Concurrent Workers: 1
 Concurrent Refinement Workers: 4
 Periodic GC: Disabled
Heap:
 garbage-first heap   total 271360K, used 195400K [0x00000000c0000000, 0x0000000100000000)
  region size 1024K, 77 young (78848K), 2 survivors (2048K)
 Metaspace       used 108707K, committed 109632K, reserved 1146880K
  class space    used 14080K, committed 14528K, reserved 1048576K
GC Heap History (20 events):
Event: 492.184 GC heap before
{Heap before GC invocations=61 (full 0):
 garbage-first heap   total 271360K, used 236891K [0x00000000c0000000, 0x0000000100000000)
  region size 1024K, 114 young (116736K), 6 survivors (6144K)
 Metaspace       used 108331K, committed 109312K, reserved 1146880K
  class space    used 14066K, committed 14528K, reserved 1048576K
}
Event: 492.195 GC heap after
{Heap after GC invocations=62 (full 0):
 garbage-first heap   total 271360K, used 127561K [0x00000000c0000000, 0x0000000100000000)
  region size 1024K, 7 young (7168K), 7 survivors (7168K)
 Metaspace       used 108331K, committed 109312K, reserved 1146880K
  class space    used 14066K, committed 14528K, reserved 1048576K
}
Event: 493.396 GC heap before
{Heap before GC invocations=62 (full 0):
 garbage-first heap   total 271360K, used 236105K [0x00000000c0000000, 0x0000000100000000)
  region size 1024K, 113 young (115712K), 7 survivors (7168K)
 Metaspace       used 108340K, committed 109312K, reserved 1146880K
  class space    used 14066K, committed 14528K, reserved 1048576K
}
Event: 493.410 GC heap after
{Heap after GC invocations=63 (full 0):
 garbage-first heap   total 271360K, used 128585K [0x00000000c0000000, 0x0000000100000000)
  region size 1024K, 8 young (8192K), 8 survivors (8192K)
 Metaspace       used 108340K, committed 109312K, reserved 1146880K
  class space    used 14066K, committed 14528K, reserved 1048576K
}
Event: 494.815 GC heap before
{Heap before GC invocations=63 (full 0):
 garbage-first heap   total 271360K, used 236105K [0x00000000c0000000, 0x0000000100000000)
  region size 1024K, 112 young (114688K), 8 survivors (8192K)
 Metaspace       used 108579K, committed 109504K, reserved 1146880K
  class space    used 14069K, committed 14528K, reserved 1048576K
}
Event: 494.831 GC heap after
{Heap after GC invocations=64 (full 0):
 garbage-first heap   total 271360K, used 128302K [0x00000000c0000000, 0x0000000100000000)
  region size 1024K, 8 young (8192K), 8 survivors (8192K)
 Metaspace       used 108579K, committed 109504K, reserved 1146880K
  class space    used 14069K, committed 14528K, reserved 1048576K
}
Event: 495.338 GC heap before
{Heap before GC invocations=64 (full 0):
 garbage-first heap   total 271360K, used 234798K [0x00000000c0000000, 0x0000000100000000)
  region size 1024K, 112 young (114688K), 8 survivors (8192K)
 Metaspace       used 108609K, committed 109568K, reserved 1146880K
  class space    used 14070K, committed 14528K, reserved 1048576K
}
Event: 495.353 GC heap after
{Heap after GC invocations=65 (full 0):
 garbage-first heap   total 271360K, used 127820K [0x00000000c0000000, 0x0000000100000000)
  region size 1024K, 7 young (7168K), 7 survivors (7168K)
 Metaspace       used 108609K, committed 109568K, reserved 1146880K
  class space    used 14070K, committed 14528K, reserved 1048576K
}
Event: 495.956 GC heap before
{Heap before GC invocations=65 (full 0):
 garbage-first heap   total 271360K, used 234316K [0x00000000c0000000, 0x0000000100000000)
  region size 1024K, 112 young (114688K), 7 survivors (7168K)
 Metaspace       used 108672K, committed 109632K, reserved 1146880K
  class space    used 14078K, committed 14528K, reserved 1048576K
}
Event: 495.968 GC heap after
{Heap after GC invocations=66 (full 0):
 garbage-first heap   total 271360K, used 130169K [0x00000000c0000000, 0x0000000100000000)
  region size 1024K, 9 young (9216K), 9 survivors (9216K)
 Metaspace       used 108672K, committed 109632K, reserved 1146880K
  class space    used 14078K, committed 14528K, reserved 1048576K
}
Event: 496.650 GC heap before
{Heap before GC invocations=66 (full 0):
 garbage-first heap   total 271360K, used 233593K [0x00000000c0000000, 0x0000000100000000)
  region size 1024K, 110 young (112640K), 9 survivors (9216K)
 Metaspace       used 108682K, committed 109632K, reserved 1146880K
  class space    used 14078K, committed 14528K, reserved 1048576K
}
Event: 496.678 GC heap after
{Heap after GC invocations=67 (full 0):
 garbage-first heap   total 271360K, used 135330K [0x00000000c0000000, 0x0000000100000000)
  region size 1024K, 12 young (12288K), 12 survivors (12288K)
 Metaspace       used 108682K, committed 109632K, reserved 1146880K
  class space    used 14078K, committed 14528K, reserved 1048576K
}
Event: 497.543 GC heap before
{Heap before GC invocations=67 (full 0):
 garbage-first heap   total 271360K, used 230562K [0x00000000c0000000, 0x0000000100000000)
  region size 1024K, 105 young (107520K), 12 survivors (12288K)
 Metaspace       used 108690K, committed 109632K, reserved 1146880K
  class space    used 14080K, committed 14528K, reserved 1048576K
}
Event: 497.554 GC heap after
{Heap after GC invocations=68 (full 0):
 garbage-first heap   total 271360K, used 133450K [0x00000000c0000000, 0x0000000100000000)
  region size 1024K, 5 young (5120K), 5 survivors (5120K)
 Metaspace       used 108690K, committed 109632K, reserved 1146880K
  class space    used 14080K, committed 14528K, reserved 1048576K
}
Event: 498.435 GC heap before
{Heap before GC invocations=69 (full 0):
 garbage-first heap   total 271360K, used 232778K [0x00000000c0000000, 0x0000000100000000)
  region size 1024K, 102 young (104448K), 5 survivors (5120K)
 Metaspace       used 108704K, committed 109632K, reserved 1146880K
  class space    used 14080K, committed 14528K, reserved 1048576K
}
Event: 498.444 GC heap after
{Heap after GC invocations=70 (full 0):
 garbage-first heap   total 271360K, used 133182K [0x00000000c0000000, 0x0000000100000000)
  region size 1024K, 5 young (5120K), 5 survivors (5120K)
 Metaspace       used 108704K, committed 109632K, reserved 1146880K
  class space    used 14080K, committed 14528K, reserved 1048576K
}
Event: 498.699 GC heap before
{Heap before GC invocations=70 (full 0):
 garbage-first heap   total 271360K, used 141374K [0x00000000c0000000, 0x0000000100000000)
  region size 1024K, 13 young (13312K), 5 survivors (5120K)
 Metaspace       used 108704K, committed 109632K, reserved 1146880K
  class space    used 14080K, committed 14528K, reserved 1048576K
}
Event: 498.740 GC heap after
{Heap after GC invocations=71 (full 0):
 garbage-first heap   total 271360K, used 119379K [0x00000000c0000000, 0x0000000100000000)
  region size 1024K, 1 young (1024K), 1 survivors (1024K)
 Metaspace       used 108704K, committed 109632K, reserved 1146880K
  class space    used 14080K, committed 14528K, reserved 1048576K
}
Event: 502.160 GC heap before
{Heap before GC invocations=71 (full 0):
 garbage-first heap   total 271360K, used 234067K [0x00000000c0000000, 0x0000000100000000)
  region size 1024K, 113 young (115712K), 1 survivors (1024K)
 Metaspace       used 108706K, committed 109632K, reserved 1146880K
  class space    used 14080K, committed 14528K, reserved 1048576K
}
Event: 502.168 GC heap after
{Heap after GC invocations=72 (full 0):
 garbage-first heap   total 271360K, used 119624K [0x00000000c0000000, 0x0000000100000000)
  region size 1024K, 2 young (2048K), 2 survivors (2048K)
 Metaspace       used 108706K, committed 109632K, reserved 1146880K
  class space    used 14080K, committed 14528K, reserved 1048576K
}

