# JRE version: OpenJDK Runtime Environment (11.0.10) (build 11.0.10+0-b96-7249189)
# Java VM: OpenJDK 64-Bit Server VM (11.0.10+0-b96-7249189, mixed mode, tiered, compressed oops, g1 gc, windows-amd64)
Heap:
 garbage-first heap   total 131072K, used 98467K [0x00000000c0000000, 0x0000000100000000)
  region size 1024K, 50 young (51200K), 4 survivors (4096K)
 Metaspace       used 71636K, capacity 73299K, committed 73420K, reserved 1112064K
  class space    used 9236K, capacity 9826K, committed 9932K, reserved 1048576K
GC Heap History (20 events):
Event: 5.209 GC heap before
{Heap before GC invocations=6 (full 0):
 garbage-first heap   total 131072K, used 67155K [0x00000000c0000000, 0x0000000100000000)
  region size 1024K, 54 young (55296K), 5 survivors (5120K)
 Metaspace       used 25647K, capacity 26268K, committed 26368K, reserved 1073152K
  class space    used 3351K, capacity 3568K, committed 3584K, reserved 1048576K
}
Event: 5.216 GC heap after
{Heap after GC invocations=7 (full 0):
 garbage-first heap   total 131072K, used 18923K [0x00000000c0000000, 0x0000000100000000)
  region size 1024K, 3 young (3072K), 3 survivors (3072K)
 Metaspace       used 25647K, capacity 26268K, committed 26368K, reserved 1073152K
  class space    used 3351K, capacity 3568K, committed 3584K, reserved 1048576K
}
Event: 6.817 GC heap before
{Heap before GC invocations=7 (full 0):
 garbage-first heap   total 131072K, used 75243K [0x00000000c0000000, 0x0000000100000000)
  region size 1024K, 58 young (59392K), 3 survivors (3072K)
 Metaspace       used 33962K, capacity 34739K, committed 34944K, reserved 1079296K
  class space    used 4415K, capacity 4712K, committed 4736K, reserved 1048576K
}
Event: 6.826 GC heap after
{Heap after GC invocations=8 (full 0):
 garbage-first heap   total 131072K, used 21808K [0x00000000c0000000, 0x0000000100000000)
  region size 1024K, 6 young (6144K), 6 survivors (6144K)
 Metaspace       used 33962K, capacity 34739K, committed 34944K, reserved 1079296K
  class space    used 4415K, capacity 4712K, committed 4736K, reserved 1048576K
}
Event: 6.943 GC heap before
{Heap before GC invocations=8 (full 0):
 garbage-first heap   total 131072K, used 26928K [0x00000000c0000000, 0x0000000100000000)
  region size 1024K, 12 young (12288K), 6 survivors (6144K)
 Metaspace       used 35065K, capacity 35834K, committed 35840K, reserved 1081344K
  class space    used 4545K, capacity 4864K, committed 4864K, reserved 1048576K
}
Event: 6.956 GC heap after
{Heap after GC invocations=9 (full 0):
 garbage-first heap   total 131072K, used 22626K [0x00000000c0000000, 0x0000000100000000)
  region size 1024K, 4 young (4096K), 4 survivors (4096K)
 Metaspace       used 35065K, capacity 35834K, committed 35840K, reserved 1081344K
  class space    used 4545K, capacity 4864K, committed 4864K, reserved 1048576K
}
Event: 7.845 GC heap before
{Heap before GC invocations=10 (full 0):
 garbage-first heap   total 131072K, used 80994K [0x00000000c0000000, 0x0000000100000000)
  region size 1024K, 59 young (60416K), 4 survivors (4096K)
 Metaspace       used 38998K, capacity 39894K, committed 40268K, reserved 1083392K
  class space    used 4980K, capacity 5316K, committed 5452K, reserved 1048576K
}
Event: 7.858 GC heap after
{Heap after GC invocations=11 (full 0):
 garbage-first heap   total 131072K, used 27263K [0x00000000c0000000, 0x0000000100000000)
  region size 1024K, 8 young (8192K), 8 survivors (8192K)
 Metaspace       used 38998K, capacity 39894K, committed 40268K, reserved 1083392K
  class space    used 4980K, capacity 5316K, committed 5452K, reserved 1048576K
}
Event: 8.761 GC heap before
{Heap before GC invocations=11 (full 0):
 garbage-first heap   total 131072K, used 84607K [0x00000000c0000000, 0x0000000100000000)
  region size 1024K, 64 young (65536K), 8 survivors (8192K)
 Metaspace       used 44216K, capacity 45266K, committed 45516K, reserved 1089536K
  class space    used 5670K, capacity 6037K, committed 6092K, reserved 1048576K
}
Event: 8.775 GC heap after
{Heap after GC invocations=12 (full 0):
 garbage-first heap   total 131072K, used 29634K [0x00000000c0000000, 0x0000000100000000)
  region size 1024K, 7 young (7168K), 7 survivors (7168K)
 Metaspace       used 44216K, capacity 45266K, committed 45516K, reserved 1089536K
  class space    used 5670K, capacity 6037K, committed 6092K, reserved 1048576K
}
Event: 10.074 GC heap before
{Heap before GC invocations=12 (full 0):
 garbage-first heap   total 131072K, used 91074K [0x00000000c0000000, 0x0000000100000000)
  region size 1024K, 64 young (65536K), 7 survivors (7168K)
 Metaspace       used 47429K, capacity 48620K, committed 48844K, reserved 1091584K
  class space    used 6055K, capacity 6485K, committed 6604K, reserved 1048576K
}
Event: 10.088 GC heap after
{Heap after GC invocations=13 (full 0):
 garbage-first heap   total 131072K, used 40731K [0x00000000c0000000, 0x0000000100000000)
  region size 1024K, 8 young (8192K), 8 survivors (8192K)
 Metaspace       used 47429K, capacity 48620K, committed 48844K, reserved 1091584K
  class space    used 6055K, capacity 6485K, committed 6604K, reserved 1048576K
}
Event: 11.273 GC heap before
{Heap before GC invocations=13 (full 0):
 garbage-first heap   total 131072K, used 93979K [0x00000000c0000000, 0x0000000100000000)
  region size 1024K, 60 young (61440K), 8 survivors (8192K)
 Metaspace       used 54283K, capacity 55657K, committed 55884K, reserved 1097728K
  class space    used 6884K, capacity 7393K, committed 7500K, reserved 1048576K
}
Event: 11.285 GC heap after
{Heap after GC invocations=14 (full 0):
 garbage-first heap   total 131072K, used 43272K [0x00000000c0000000, 0x0000000100000000)
  region size 1024K, 3 young (3072K), 3 survivors (3072K)
 Metaspace       used 54283K, capacity 55657K, committed 55884K, reserved 1097728K
  class space    used 6884K, capacity 7393K, committed 7500K, reserved 1048576K
}
Event: 12.392 GC heap before
{Heap before GC invocations=14 (full 0):
 garbage-first heap   total 131072K, used 67848K [0x00000000c0000000, 0x0000000100000000)
  region size 1024K, 28 young (28672K), 3 survivors (3072K)
 Metaspace       used 58659K, capacity 60112K, committed 60236K, reserved 1101824K
  class space    used 7394K, capacity 7912K, committed 8012K, reserved 1048576K
}
Event: 12.400 GC heap after
{Heap after GC invocations=15 (full 0):
 garbage-first heap   total 131072K, used 44343K [0x00000000c0000000, 0x0000000100000000)
  region size 1024K, 4 young (4096K), 4 survivors (4096K)
 Metaspace       used 58659K, capacity 60112K, committed 60236K, reserved 1101824K
  class space    used 7394K, capacity 7912K, committed 8012K, reserved 1048576K
}
Event: 13.825 GC heap before
{Heap before GC invocations=16 (full 0):
 garbage-first heap   total 131072K, used 95543K [0x00000000c0000000, 0x0000000100000000)
  region size 1024K, 54 young (55296K), 4 survivors (4096K)
 Metaspace       used 63712K, capacity 65207K, committed 65484K, reserved 1105920K
  class space    used 8020K, capacity 8556K, committed 8652K, reserved 1048576K
}
Event: 13.842 GC heap after
{Heap after GC invocations=17 (full 0):
 garbage-first heap   total 131072K, used 48527K [0x00000000c0000000, 0x0000000100000000)
  region size 1024K, 7 young (7168K), 7 survivors (7168K)
 Metaspace       used 63712K, capacity 65207K, committed 65484K, reserved 1105920K
  class space    used 8020K, capacity 8556K, committed 8652K, reserved 1048576K
}
Event: 14.924 GC heap before
{Heap before GC invocations=17 (full 0):
 garbage-first heap   total 131072K, used 97679K [0x00000000c0000000, 0x0000000100000000)
  region size 1024K, 55 young (56320K), 7 survivors (7168K)
 Metaspace       used 66987K, capacity 68566K, committed 68812K, reserved 1110016K
  class space    used 8501K, capacity 9051K, committed 9164K, reserved 1048576K
}
Event: 14.950 GC heap after
{Heap after GC invocations=18 (full 0):
 garbage-first heap   total 131072K, used 52387K [0x00000000c0000000, 0x0000000100000000)
  region size 1024K, 4 young (4096K), 4 survivors (4096K)
 Metaspace       used 66987K, capacity 68566K, committed 68812K, reserved 1110016K
  class space    used 8501K, capacity 9051K, committed 9164K, reserved 1048576K
}

