# JRE version: Java(TM) SE Runtime Environment (16.0.2+7) (build 16.0.2+7-67)
# Java VM: Java HotSpot(TM) 64-Bit Server VM (16.0.2+7-67, mixed mode, sharing, tiered, compressed oops, compressed class ptrs, g1 gc, windows-amd64)
GC Precious Log:
 CPUs: 4 total, 4 available
 Memory: 8089M
 Large Page Support: Disabled
 NUMA Support: Disabled
 Compressed Oops: Enabled (32-bit)
 Heap Region Size: 1M
 Heap Min Capacity: 8M
 Heap Initial Capacity: 128M
 Heap Max Capacity: 1536M
 Pre-touch: Disabled
 Parallel Workers: 4
 Concurrent Workers: 1
 Concurrent Refinement Workers: 4
 Periodic GC: Disabled
Heap:
 garbage-first heap   total 237568K, used 132637K [0x00000000a0000000, 0x0000000100000000)
  region size 1024K, 5 young (5120K), 2 survivors (2048K)
 Metaspace       used 96019K, committed 96896K, reserved 1138688K
  class space    used 12437K, committed 12864K, reserved 1048576K
GC Heap History (20 events):
Event: 33.239 GC heap before
{Heap before GC invocations=31 (full 0):
 garbage-first heap   total 163840K, used 134010K [0x00000000a0000000, 0x0000000100000000)
  region size 1024K, 40 young (40960K), 3 survivors (3072K)
 Metaspace       used 70563K, committed 71296K, reserved 1114112K
  class space    used 9386K, committed 9728K, reserved 1048576K
}
Event: 33.277 GC heap after
{Heap after GC invocations=32 (full 0):
 garbage-first heap   total 196608K, used 98715K [0x00000000a0000000, 0x0000000100000000)
  region size 1024K, 3 young (3072K), 3 survivors (3072K)
 Metaspace       used 70563K, committed 71296K, reserved 1114112K
  class space    used 9386K, committed 9728K, reserved 1048576K
}
Event: 35.284 GC heap before
{Heap before GC invocations=33 (full 0):
 garbage-first heap   total 196608K, used 148891K [0x00000000a0000000, 0x0000000100000000)
  region size 1024K, 53 young (54272K), 3 survivors (3072K)
 Metaspace       used 75026K, committed 75712K, reserved 1122304K
  class space    used 9945K, committed 10240K, reserved 1048576K
}
Event: 35.318 GC heap after
{Heap after GC invocations=34 (full 0):
 garbage-first heap   total 196608K, used 102172K [0x00000000a0000000, 0x0000000100000000)
  region size 1024K, 6 young (6144K), 6 survivors (6144K)
 Metaspace       used 75026K, committed 75712K, reserved 1122304K
  class space    used 9945K, committed 10240K, reserved 1048576K
}
Event: 38.603 GC heap before
{Heap before GC invocations=35 (full 0):
 garbage-first heap   total 196608K, used 161564K [0x00000000a0000000, 0x0000000100000000)
  region size 1024K, 63 young (64512K), 6 survivors (6144K)
 Metaspace       used 82946K, committed 83648K, reserved 1122304K
  class space    used 10952K, committed 11264K, reserved 1048576K
}
Event: 38.618 GC heap after
{Heap after GC invocations=36 (full 0):
 garbage-first heap   total 196608K, used 106195K [0x00000000a0000000, 0x0000000100000000)
  region size 1024K, 8 young (8192K), 8 survivors (8192K)
 Metaspace       used 82946K, committed 83648K, reserved 1122304K
  class space    used 10952K, committed 11264K, reserved 1048576K
}
Event: 40.032 GC heap before
{Heap before GC invocations=36 (full 0):
 garbage-first heap   total 196608K, used 159443K [0x00000000a0000000, 0x0000000100000000)
  region size 1024K, 61 young (62464K), 8 survivors (8192K)
 Metaspace       used 84023K, committed 84736K, reserved 1130496K
  class space    used 11041K, committed 11328K, reserved 1048576K
}
Event: 40.045 GC heap after
{Heap after GC invocations=37 (full 0):
 garbage-first heap   total 196608K, used 109363K [0x00000000a0000000, 0x0000000100000000)
  region size 1024K, 8 young (8192K), 8 survivors (8192K)
 Metaspace       used 84023K, committed 84736K, reserved 1130496K
  class space    used 11041K, committed 11328K, reserved 1048576K
}
Event: 42.620 GC heap before
{Heap before GC invocations=38 (full 0):
 garbage-first heap   total 196608K, used 161587K [0x00000000a0000000, 0x0000000100000000)
  region size 1024K, 60 young (61440K), 8 survivors (8192K)
 Metaspace       used 90225K, committed 91072K, reserved 1130496K
  class space    used 11835K, committed 12224K, reserved 1048576K
}
Event: 42.643 GC heap after
{Heap after GC invocations=39 (full 0):
 garbage-first heap   total 196608K, used 111591K [0x00000000a0000000, 0x0000000100000000)
  region size 1024K, 6 young (6144K), 6 survivors (6144K)
 Metaspace       used 90225K, committed 91072K, reserved 1130496K
  class space    used 11835K, committed 12224K, reserved 1048576K
}
Event: 89.297 GC heap before
{Heap before GC invocations=39 (full 0):
 garbage-first heap   total 196608K, used 162791K [0x00000000a0000000, 0x0000000100000000)
  region size 1024K, 57 young (58368K), 6 survivors (6144K)
 Metaspace       used 93667K, committed 94528K, reserved 1138688K
  class space    used 12200K, committed 12608K, reserved 1048576K
}
Event: 89.312 GC heap after
{Heap after GC invocations=40 (full 0):
 garbage-first heap   total 196608K, used 117128K [0x00000000a0000000, 0x0000000100000000)
  region size 1024K, 8 young (8192K), 8 survivors (8192K)
 Metaspace       used 93667K, committed 94528K, reserved 1138688K
  class space    used 12200K, committed 12608K, reserved 1048576K
}
Event: 91.976 GC heap before
{Heap before GC invocations=41 (full 0):
 garbage-first heap   total 204800K, used 162184K [0x00000000a0000000, 0x0000000100000000)
  region size 1024K, 53 young (54272K), 8 survivors (8192K)
 Metaspace       used 95173K, committed 96064K, reserved 1138688K
  class space    used 12375K, committed 12800K, reserved 1048576K
}
Event: 91.993 GC heap after
{Heap after GC invocations=42 (full 0):
 garbage-first heap   total 204800K, used 123586K [0x00000000a0000000, 0x0000000100000000)
  region size 1024K, 7 young (7168K), 7 survivors (7168K)
 Metaspace       used 95173K, committed 96064K, reserved 1138688K
  class space    used 12375K, committed 12800K, reserved 1048576K
}
Event: 92.328 GC heap before
{Heap before GC invocations=42 (full 0):
 garbage-first heap   total 204800K, used 134850K [0x00000000a0000000, 0x0000000100000000)
  region size 1024K, 19 young (19456K), 7 survivors (7168K)
 Metaspace       used 95235K, committed 96128K, reserved 1138688K
  class space    used 12375K, committed 12800K, reserved 1048576K
}
Event: 92.340 GC heap after
{Heap after GC invocations=43 (full 0):
 garbage-first heap   total 204800K, used 128786K [0x00000000a0000000, 0x0000000100000000)
  region size 1024K, 5 young (5120K), 5 survivors (5120K)
 Metaspace       used 95235K, committed 96128K, reserved 1138688K
  class space    used 12375K, committed 12800K, reserved 1048576K
}
Event: 93.183 GC heap before
{Heap before GC invocations=44 (full 0):
 garbage-first heap   total 237568K, used 166674K [0x00000000a0000000, 0x0000000100000000)
  region size 1024K, 39 young (39936K), 5 survivors (5120K)
 Metaspace       used 95973K, committed 96896K, reserved 1138688K
  class space    used 12433K, committed 12864K, reserved 1048576K
}
Event: 93.207 GC heap after
{Heap after GC invocations=45 (full 0):
 garbage-first heap   total 237568K, used 140181K [0x00000000a0000000, 0x0000000100000000)
  region size 1024K, 5 young (5120K), 5 survivors (5120K)
 Metaspace       used 95973K, committed 96896K, reserved 1138688K
  class space    used 12433K, committed 12864K, reserved 1048576K
}
Event: 93.513 GC heap before
{Heap before GC invocations=45 (full 0):
 garbage-first heap   total 237568K, used 153493K [0x00000000a0000000, 0x0000000100000000)
  region size 1024K, 11 young (11264K), 5 survivors (5120K)
 Metaspace       used 96017K, committed 96896K, reserved 1138688K
  class space    used 12437K, committed 12864K, reserved 1048576K
}
Event: 93.559 GC heap after
{Heap after GC invocations=46 (full 0):
 garbage-first heap   total 237568K, used 130589K [0x00000000a0000000, 0x0000000100000000)
  region size 1024K, 2 young (2048K), 2 survivors (2048K)
 Metaspace       used 96017K, committed 96896K, reserved 1138688K
  class space    used 12437K, committed 12864K, reserved 1048576K
}

