# JRE version: Java(TM) SE Runtime Environment (16.0.2+7) (build 16.0.2+7-67)
# Java VM: Java HotSpot(TM) 64-Bit Server VM (16.0.2+7-67, mixed mode, sharing, tiered, compressed oops, compressed class ptrs, g1 gc, windows-amd64)
GC Precious Log:
 CPUs: 4 total, 4 available
 Memory: 8089M
 Large Page Support: Disabled
 NUMA Support: Disabled
 Compressed Oops: Enabled (32-bit)
 Heap Region Size: 1M
 Heap Min Capacity: 8M
 Heap Initial Capacity: 128M
 Heap Max Capacity: 1G
 Pre-touch: Disabled
 Parallel Workers: 4
 Concurrent Workers: 1
 Concurrent Refinement Workers: 4
 Periodic GC: Disabled
Heap:
 garbage-first heap   total 316416K, used 252531K [0x00000000c0000000, 0x0000000100000000)
  region size 1024K, 101 young (103424K), 8 survivors (8192K)
 Metaspace       used 130290K, committed 131456K, reserved 1171456K
  class space    used 16579K, committed 17152K, reserved 1048576K
GC Heap History (20 events):
Event: 48.162 GC heap before
{Heap before GC invocations=60 (full 0):
 garbage-first heap   total 275456K, used 238098K [0x00000000c0000000, 0x0000000100000000)
  region size 1024K, 114 young (116736K), 8 survivors (8192K)
 Metaspace       used 112079K, committed 113024K, reserved 1155072K
  class space    used 14275K, committed 14720K, reserved 1048576K
}
Event: 48.180 GC heap after
{Heap after GC invocations=61 (full 0):
 garbage-first heap   total 275456K, used 130015K [0x00000000c0000000, 0x0000000100000000)
  region size 1024K, 8 young (8192K), 8 survivors (8192K)
 Metaspace       used 112079K, committed 113024K, reserved 1155072K
  class space    used 14275K, committed 14720K, reserved 1048576K
}
Event: 48.506 GC heap before
{Heap before GC invocations=61 (full 0):
 garbage-first heap   total 275456K, used 237535K [0x00000000c0000000, 0x0000000100000000)
  region size 1024K, 114 young (116736K), 8 survivors (8192K)
 Metaspace       used 112081K, committed 113024K, reserved 1155072K
  class space    used 14275K, committed 14720K, reserved 1048576K
}
Event: 48.520 GC heap after
{Heap after GC invocations=62 (full 0):
 garbage-first heap   total 275456K, used 132443K [0x00000000c0000000, 0x0000000100000000)
  region size 1024K, 11 young (11264K), 11 survivors (11264K)
 Metaspace       used 112081K, committed 113024K, reserved 1155072K
  class space    used 14275K, committed 14720K, reserved 1048576K
}
Event: 48.827 GC heap before
{Heap before GC invocations=62 (full 0):
 garbage-first heap   total 275456K, used 234843K [0x00000000c0000000, 0x0000000100000000)
  region size 1024K, 111 young (113664K), 11 survivors (11264K)
 Metaspace       used 112118K, committed 113024K, reserved 1155072K
  class space    used 14278K, committed 14720K, reserved 1048576K
}
Event: 48.844 GC heap after
{Heap after GC invocations=63 (full 0):
 garbage-first heap   total 275456K, used 132911K [0x00000000c0000000, 0x0000000100000000)
  region size 1024K, 8 young (8192K), 8 survivors (8192K)
 Metaspace       used 112118K, committed 113024K, reserved 1155072K
  class space    used 14278K, committed 14720K, reserved 1048576K
}
Event: 49.147 GC heap before
{Heap before GC invocations=63 (full 0):
 garbage-first heap   total 275456K, used 238383K [0x00000000c0000000, 0x0000000100000000)
  region size 1024K, 111 young (113664K), 8 survivors (8192K)
 Metaspace       used 112131K, committed 113024K, reserved 1155072K
  class space    used 14278K, committed 14720K, reserved 1048576K
}
Event: 49.163 GC heap after
{Heap after GC invocations=64 (full 0):
 garbage-first heap   total 275456K, used 133373K [0x00000000c0000000, 0x0000000100000000)
  region size 1024K, 9 young (9216K), 9 survivors (9216K)
 Metaspace       used 112131K, committed 113024K, reserved 1155072K
  class space    used 14278K, committed 14720K, reserved 1048576K
}
Event: 49.746 GC heap before
{Heap before GC invocations=65 (full 0):
 garbage-first heap   total 285696K, used 235773K [0x00000000c0000000, 0x0000000100000000)
  region size 1024K, 109 young (111616K), 9 survivors (9216K)
 Metaspace       used 112133K, committed 113024K, reserved 1155072K
  class space    used 14278K, committed 14720K, reserved 1048576K
}
Event: 49.754 GC heap after
{Heap after GC invocations=66 (full 0):
 garbage-first heap   total 285696K, used 130108K [0x00000000c0000000, 0x0000000100000000)
  region size 1024K, 5 young (5120K), 5 survivors (5120K)
 Metaspace       used 112133K, committed 113024K, reserved 1155072K
  class space    used 14278K, committed 14720K, reserved 1048576K
}
Event: 50.168 GC heap before
{Heap before GC invocations=66 (full 0):
 garbage-first heap   total 285696K, used 248892K [0x00000000c0000000, 0x0000000100000000)
  region size 1024K, 121 young (123904K), 5 survivors (5120K)
 Metaspace       used 112543K, committed 113472K, reserved 1155072K
  class space    used 14342K, committed 14784K, reserved 1048576K
}
Event: 50.180 GC heap after
{Heap after GC invocations=67 (full 0):
 garbage-first heap   total 316416K, used 130320K [0x00000000c0000000, 0x0000000100000000)
  region size 1024K, 5 young (5120K), 5 survivors (5120K)
 Metaspace       used 112543K, committed 113472K, reserved 1155072K
  class space    used 14342K, committed 14784K, reserved 1048576K
}
Event: 51.768 GC heap before
{Heap before GC invocations=67 (full 0):
 garbage-first heap   total 316416K, used 274704K [0x00000000c0000000, 0x0000000100000000)
  region size 1024K, 146 young (149504K), 5 survivors (5120K)
 Metaspace       used 114726K, committed 115712K, reserved 1155072K
  class space    used 14604K, committed 15104K, reserved 1048576K
}
Event: 51.781 GC heap after
{Heap after GC invocations=68 (full 0):
 garbage-first heap   total 316416K, used 133372K [0x00000000c0000000, 0x0000000100000000)
  region size 1024K, 8 young (8192K), 8 survivors (8192K)
 Metaspace       used 114726K, committed 115712K, reserved 1155072K
  class space    used 14604K, committed 15104K, reserved 1048576K
}
Event: 232.984 GC heap before
{Heap before GC invocations=68 (full 0):
 garbage-first heap   total 316416K, used 272636K [0x00000000c0000000, 0x0000000100000000)
  region size 1024K, 145 young (148480K), 8 survivors (8192K)
 Metaspace       used 127326K, committed 128384K, reserved 1163264K
  class space    used 16263K, committed 16768K, reserved 1048576K
}
Event: 233.005 GC heap after
{Heap after GC invocations=69 (full 0):
 garbage-first heap   total 316416K, used 139572K [0x00000000c0000000, 0x0000000100000000)
  region size 1024K, 14 young (14336K), 14 survivors (14336K)
 Metaspace       used 127326K, committed 128384K, reserved 1163264K
  class space    used 16263K, committed 16768K, reserved 1048576K
}
Event: 393.814 GC heap before
{Heap before GC invocations=69 (full 0):
 garbage-first heap   total 316416K, used 268596K [0x00000000c0000000, 0x0000000100000000)
  region size 1024K, 141 young (144384K), 14 survivors (14336K)
 Metaspace       used 130242K, committed 131392K, reserved 1163264K
  class space    used 16579K, committed 17152K, reserved 1048576K
}
Event: 393.857 GC heap after
{Heap after GC invocations=70 (full 0):
 garbage-first heap   total 316416K, used 151609K [0x00000000c0000000, 0x0000000100000000)
  region size 1024K, 18 young (18432K), 18 survivors (18432K)
 Metaspace       used 130242K, committed 131392K, reserved 1163264K
  class space    used 16579K, committed 17152K, reserved 1048576K
}
Event: 395.116 GC heap before
{Heap before GC invocations=70 (full 0):
 garbage-first heap   total 316416K, used 265273K [0x00000000c0000000, 0x0000000100000000)
  region size 1024K, 129 young (132096K), 18 survivors (18432K)
 Metaspace       used 130286K, committed 131456K, reserved 1171456K
  class space    used 16579K, committed 17152K, reserved 1048576K
}
Event: 395.148 GC heap after
{Heap after GC invocations=71 (full 0):
 garbage-first heap   total 316416K, used 158323K [0x00000000c0000000, 0x0000000100000000)
  region size 1024K, 8 young (8192K), 8 survivors (8192K)
 Metaspace       used 130286K, committed 131456K, reserved 1171456K
  class space    used 16579K, committed 17152K, reserved 1048576K
}

