# JRE version: Java(TM) SE Runtime Environment (16.0.2+7) (build 16.0.2+7-67)
# Java VM: Java HotSpot(TM) 64-Bit Server VM (16.0.2+7-67, mixed mode, sharing, tiered, compressed oops, compressed class ptrs, g1 gc, windows-amd64)
GC Precious Log:
 CPUs: 4 total, 4 available
 Memory: 8089M
 Large Page Support: Disabled
 NUMA Support: Disabled
 Compressed Oops: Enabled (32-bit)
 Heap Region Size: 1M
 Heap Min Capacity: 8M
 Heap Initial Capacity: 128M
 Heap Max Capacity: 1536M
 Pre-touch: Disabled
 Parallel Workers: 4
 Concurrent Workers: 1
 Concurrent Refinement Workers: 4
 Periodic GC: Disabled
Heap:
 garbage-first heap   total 290816K, used 188156K [0x00000000a0000000, 0x0000000100000000)
  region size 1024K, 40 young (40960K), 4 survivors (4096K)
 Metaspace       used 127301K, committed 128256K, reserved 1163264K
  class space    used 16065K, committed 16512K, reserved 1048576K
GC Heap History (20 events):
Event: 174.343 GC heap before
{Heap before GC invocations=89 (full 0):
 garbage-first heap   total 281600K, used 232219K [0x00000000a0000000, 0x0000000100000000)
  region size 1024K, 86 young (88064K), 4 survivors (4096K)
 Metaspace       used 117280K, committed 118208K, reserved 1155072K
  class space    used 14680K, committed 15104K, reserved 1048576K
}
Event: 174.360 GC heap after
{Heap after GC invocations=90 (full 0):
 garbage-first heap   total 281600K, used 155469K [0x00000000a0000000, 0x0000000100000000)
  region size 1024K, 10 young (10240K), 10 survivors (10240K)
 Metaspace       used 117280K, committed 118208K, reserved 1155072K
  class space    used 14680K, committed 15104K, reserved 1048576K
}
Event: 174.443 GC heap before
{Heap before GC invocations=90 (full 0):
 garbage-first heap   total 281600K, used 157517K [0x00000000a0000000, 0x0000000100000000)
  region size 1024K, 13 young (13312K), 10 survivors (10240K)
 Metaspace       used 117296K, committed 118272K, reserved 1155072K
  class space    used 14683K, committed 15168K, reserved 1048576K
}
Event: 174.474 GC heap after
{Heap after GC invocations=91 (full 0):
 garbage-first heap   total 281600K, used 134963K [0x00000000a0000000, 0x0000000100000000)
  region size 1024K, 2 young (2048K), 2 survivors (2048K)
 Metaspace       used 117296K, committed 118272K, reserved 1155072K
  class space    used 14683K, committed 15168K, reserved 1048576K
}
Event: 174.512 GC heap before
{Heap before GC invocations=91 (full 0):
 garbage-first heap   total 281600K, used 134963K [0x00000000a0000000, 0x0000000100000000)
  region size 1024K, 3 young (3072K), 2 survivors (2048K)
 Metaspace       used 117300K, committed 118272K, reserved 1155072K
  class space    used 14684K, committed 15168K, reserved 1048576K
}
Event: 174.517 GC heap after
{Heap after GC invocations=92 (full 0):
 garbage-first heap   total 281600K, used 133963K [0x00000000a0000000, 0x0000000100000000)
  region size 1024K, 1 young (1024K), 1 survivors (1024K)
 Metaspace       used 117300K, committed 118272K, reserved 1155072K
  class space    used 14684K, committed 15168K, reserved 1048576K
}
Event: 176.333 GC heap before
{Heap before GC invocations=93 (full 0):
 garbage-first heap   total 281600K, used 226123K [0x00000000a0000000, 0x0000000100000000)
  region size 1024K, 95 young (97280K), 1 survivors (1024K)
 Metaspace       used 119673K, committed 120576K, reserved 1155072K
  class space    used 14986K, committed 15424K, reserved 1048576K
}
Event: 176.351 GC heap after
{Heap after GC invocations=94 (full 0):
 garbage-first heap   total 281600K, used 147850K [0x00000000a0000000, 0x0000000100000000)
  region size 1024K, 12 young (12288K), 12 survivors (12288K)
 Metaspace       used 119673K, committed 120576K, reserved 1155072K
  class space    used 14986K, committed 15424K, reserved 1048576K
}
Event: 177.021 GC heap before
{Heap before GC invocations=94 (full 0):
 garbage-first heap   total 281600K, used 223626K [0x00000000a0000000, 0x0000000100000000)
  region size 1024K, 86 young (88064K), 12 survivors (12288K)
 Metaspace       used 123234K, committed 124160K, reserved 1163264K
  class space    used 15638K, committed 16064K, reserved 1048576K
}
Event: 177.045 GC heap after
{Heap after GC invocations=95 (full 0):
 garbage-first heap   total 281600K, used 155008K [0x00000000a0000000, 0x0000000100000000)
  region size 1024K, 11 young (11264K), 11 survivors (11264K)
 Metaspace       used 123234K, committed 124160K, reserved 1163264K
  class space    used 15638K, committed 16064K, reserved 1048576K
}
Event: 178.139 GC heap before
{Heap before GC invocations=96 (full 0):
 garbage-first heap   total 290816K, used 223616K [0x00000000a0000000, 0x0000000100000000)
  region size 1024K, 79 young (80896K), 11 survivors (11264K)
 Metaspace       used 124955K, committed 125888K, reserved 1163264K
  class space    used 15822K, committed 16256K, reserved 1048576K
}
Event: 178.162 GC heap after
{Heap after GC invocations=97 (full 0):
 garbage-first heap   total 290816K, used 161587K [0x00000000a0000000, 0x0000000100000000)
  region size 1024K, 6 young (6144K), 6 survivors (6144K)
 Metaspace       used 124955K, committed 125888K, reserved 1163264K
  class space    used 15822K, committed 16256K, reserved 1048576K
}
Event: 178.356 GC heap before
{Heap before GC invocations=97 (full 0):
 garbage-first heap   total 290816K, used 169779K [0x00000000a0000000, 0x0000000100000000)
  region size 1024K, 14 young (14336K), 6 survivors (6144K)
 Metaspace       used 125134K, committed 126080K, reserved 1163264K
  class space    used 15825K, committed 16256K, reserved 1048576K
}
Event: 178.442 GC heap after
{Heap after GC invocations=98 (full 0):
 garbage-first heap   total 290816K, used 150322K [0x00000000a0000000, 0x0000000100000000)
  region size 1024K, 2 young (2048K), 2 survivors (2048K)
 Metaspace       used 125134K, committed 126080K, reserved 1163264K
  class space    used 15825K, committed 16256K, reserved 1048576K
}
Event: 179.221 GC heap before
{Heap before GC invocations=98 (full 0):
 garbage-first heap   total 290816K, used 231218K [0x00000000a0000000, 0x0000000100000000)
  region size 1024K, 81 young (82944K), 2 survivors (2048K)
 Metaspace       used 125710K, committed 126656K, reserved 1163264K
  class space    used 15862K, committed 16320K, reserved 1048576K
}
Event: 179.237 GC heap after
{Heap after GC invocations=99 (full 0):
 garbage-first heap   total 290816K, used 151228K [0x00000000a0000000, 0x0000000100000000)
  region size 1024K, 3 young (3072K), 3 survivors (3072K)
 Metaspace       used 125710K, committed 126656K, reserved 1163264K
  class space    used 15862K, committed 16320K, reserved 1048576K
}
Event: 180.190 GC heap before
{Heap before GC invocations=100 (full 0):
 garbage-first heap   total 290816K, used 236220K [0x00000000a0000000, 0x0000000100000000)
  region size 1024K, 86 young (88064K), 3 survivors (3072K)
 Metaspace       used 126513K, committed 127488K, reserved 1163264K
  class space    used 15961K, committed 16448K, reserved 1048576K
}
Event: 180.195 GC heap after
{Heap after GC invocations=101 (full 0):
 garbage-first heap   total 290816K, used 150810K [0x00000000a0000000, 0x0000000100000000)
  region size 1024K, 2 young (2048K), 2 survivors (2048K)
 Metaspace       used 126513K, committed 127488K, reserved 1163264K
  class space    used 15961K, committed 16448K, reserved 1048576K
}
Event: 180.772 GC heap before
{Heap before GC invocations=101 (full 0):
 garbage-first heap   total 290816K, used 239898K [0x00000000a0000000, 0x0000000100000000)
  region size 1024K, 89 young (91136K), 2 survivors (2048K)
 Metaspace       used 127126K, committed 128128K, reserved 1163264K
  class space    used 16036K, committed 16512K, reserved 1048576K
}
Event: 180.779 GC heap after
{Heap after GC invocations=102 (full 0):
 garbage-first heap   total 290816K, used 152316K [0x00000000a0000000, 0x0000000100000000)
  region size 1024K, 4 young (4096K), 4 survivors (4096K)
 Metaspace       used 127126K, committed 128128K, reserved 1163264K
  class space    used 16036K, committed 16512K, reserved 1048576K
}

