# JRE version: Java(TM) SE Runtime Environment (16.0.2+7) (build 16.0.2+7-67)
# Java VM: Java HotSpot(TM) 64-Bit Server VM (16.0.2+7-67, mixed mode, sharing, tiered, compressed oops, compressed class ptrs, g1 gc, windows-amd64)
GC Precious Log:
 CPUs: 4 total, 4 available
 Memory: 8089M
 Large Page Support: Disabled
 NUMA Support: Disabled
 Compressed Oops: Enabled (32-bit)
 Heap Region Size: 1M
 Heap Min Capacity: 8M
 Heap Initial Capacity: 128M
 Heap Max Capacity: 1G
 Pre-touch: Disabled
 Parallel Workers: 4
 Concurrent Workers: 1
 Concurrent Refinement Workers: 4
 Periodic GC: Disabled
Heap:
 garbage-first heap   total 399360K, used 262357K [0x00000000c0000000, 0x0000000100000000)
  region size 1024K, 100 young (102400K), 8 survivors (8192K)
 Metaspace       used 137720K, committed 138944K, reserved 1171456K
  class space    used 17350K, committed 17920K, reserved 1048576K
GC Heap History (20 events):
Event: 617.361 GC heap before
{Heap before GC invocations=92 (full 0):
 garbage-first heap   total 399360K, used 341295K [0x00000000c0000000, 0x0000000100000000)
  region size 1024K, 188 young (192512K), 6 survivors (6144K)
 Metaspace       used 137586K, committed 138816K, reserved 1171456K
  class space    used 17337K, committed 17920K, reserved 1048576K
}
Event: 617.375 GC heap after
{Heap after GC invocations=93 (full 0):
 garbage-first heap   total 399360K, used 156833K [0x00000000c0000000, 0x0000000100000000)
  region size 1024K, 8 young (8192K), 8 survivors (8192K)
 Metaspace       used 137586K, committed 138816K, reserved 1171456K
  class space    used 17337K, committed 17920K, reserved 1048576K
}
Event: 618.697 GC heap before
{Heap before GC invocations=93 (full 0):
 garbage-first heap   total 399360K, used 342177K [0x00000000c0000000, 0x0000000100000000)
  region size 1024K, 190 young (194560K), 8 survivors (8192K)
 Metaspace       used 137589K, committed 138816K, reserved 1171456K
  class space    used 17337K, committed 17920K, reserved 1048576K
}
Event: 618.718 GC heap after
{Heap after GC invocations=94 (full 0):
 garbage-first heap   total 399360K, used 157382K [0x00000000c0000000, 0x0000000100000000)
  region size 1024K, 8 young (8192K), 8 survivors (8192K)
 Metaspace       used 137589K, committed 138816K, reserved 1171456K
  class space    used 17337K, committed 17920K, reserved 1048576K
}
Event: 620.197 GC heap before
{Heap before GC invocations=94 (full 0):
 garbage-first heap   total 399360K, used 345798K [0x00000000c0000000, 0x0000000100000000)
  region size 1024K, 192 young (196608K), 8 survivors (8192K)
 Metaspace       used 137603K, committed 138816K, reserved 1171456K
  class space    used 17337K, committed 17920K, reserved 1048576K
}
Event: 620.214 GC heap after
{Heap after GC invocations=95 (full 0):
 garbage-first heap   total 399360K, used 157397K [0x00000000c0000000, 0x0000000100000000)
  region size 1024K, 8 young (8192K), 8 survivors (8192K)
 Metaspace       used 137603K, committed 138816K, reserved 1171456K
  class space    used 17337K, committed 17920K, reserved 1048576K
}
Event: 621.126 GC heap before
{Heap before GC invocations=95 (full 0):
 garbage-first heap   total 399360K, used 347861K [0x00000000c0000000, 0x0000000100000000)
  region size 1024K, 193 young (197632K), 8 survivors (8192K)
 Metaspace       used 137627K, committed 138816K, reserved 1171456K
  class space    used 17341K, committed 17920K, reserved 1048576K
}
Event: 621.139 GC heap after
{Heap after GC invocations=96 (full 0):
 garbage-first heap   total 399360K, used 157397K [0x00000000c0000000, 0x0000000100000000)
  region size 1024K, 8 young (8192K), 8 survivors (8192K)
 Metaspace       used 137627K, committed 138816K, reserved 1171456K
  class space    used 17341K, committed 17920K, reserved 1048576K
}
Event: 622.371 GC heap before
{Heap before GC invocations=96 (full 0):
 garbage-first heap   total 399360K, used 344789K [0x00000000c0000000, 0x0000000100000000)
  region size 1024K, 191 young (195584K), 8 survivors (8192K)
 Metaspace       used 137638K, committed 138880K, reserved 1171456K
  class space    used 17342K, committed 17920K, reserved 1048576K
}
Event: 622.385 GC heap after
{Heap after GC invocations=97 (full 0):
 garbage-first heap   total 399360K, used 158174K [0x00000000c0000000, 0x0000000100000000)
  region size 1024K, 9 young (9216K), 9 survivors (9216K)
 Metaspace       used 137638K, committed 138880K, reserved 1171456K
  class space    used 17342K, committed 17920K, reserved 1048576K
}
Event: 623.627 GC heap before
{Heap before GC invocations=97 (full 0):
 garbage-first heap   total 399360K, used 347614K [0x00000000c0000000, 0x0000000100000000)
  region size 1024K, 192 young (196608K), 9 survivors (9216K)
 Metaspace       used 137692K, committed 138880K, reserved 1171456K
  class space    used 17349K, committed 17920K, reserved 1048576K
}
Event: 623.642 GC heap after
{Heap after GC invocations=98 (full 0):
 garbage-first heap   total 399360K, used 162294K [0x00000000c0000000, 0x0000000100000000)
  region size 1024K, 11 young (11264K), 11 survivors (11264K)
 Metaspace       used 137692K, committed 138880K, reserved 1171456K
  class space    used 17349K, committed 17920K, reserved 1048576K
}
Event: 624.918 GC heap before
{Heap before GC invocations=98 (full 0):
 garbage-first heap   total 399360K, used 344566K [0x00000000c0000000, 0x0000000100000000)
  region size 1024K, 189 young (193536K), 11 survivors (11264K)
 Metaspace       used 137701K, committed 138880K, reserved 1171456K
  class space    used 17349K, committed 17920K, reserved 1048576K
}
Event: 624.938 GC heap after
{Heap after GC invocations=99 (full 0):
 garbage-first heap   total 399360K, used 165589K [0x00000000c0000000, 0x0000000100000000)
  region size 1024K, 16 young (16384K), 16 survivors (16384K)
 Metaspace       used 137701K, committed 138880K, reserved 1171456K
  class space    used 17349K, committed 17920K, reserved 1048576K
}
Event: 625.861 GC heap before
{Heap before GC invocations=99 (full 0):
 garbage-first heap   total 399360K, used 337621K [0x00000000c0000000, 0x0000000100000000)
  region size 1024K, 184 young (188416K), 16 survivors (16384K)
 Metaspace       used 137711K, committed 138944K, reserved 1171456K
  class space    used 17349K, committed 17920K, reserved 1048576K
}
Event: 625.882 GC heap after
{Heap after GC invocations=100 (full 0):
 garbage-first heap   total 399360K, used 166535K [0x00000000c0000000, 0x0000000100000000)
  region size 1024K, 13 young (13312K), 13 survivors (13312K)
 Metaspace       used 137711K, committed 138944K, reserved 1171456K
  class space    used 17349K, committed 17920K, reserved 1048576K
}
Event: 626.711 GC heap before
{Heap before GC invocations=100 (full 0):
 garbage-first heap   total 399360K, used 339591K [0x00000000c0000000, 0x0000000100000000)
  region size 1024K, 182 young (186368K), 13 survivors (13312K)
 Metaspace       used 137712K, committed 138944K, reserved 1171456K
  class space    used 17350K, committed 17920K, reserved 1048576K
}
Event: 626.724 GC heap after
{Heap after GC invocations=101 (full 0):
 garbage-first heap   total 399360K, used 167311K [0x00000000c0000000, 0x0000000100000000)
  region size 1024K, 6 young (6144K), 6 survivors (6144K)
 Metaspace       used 137712K, committed 138944K, reserved 1171456K
  class space    used 17350K, committed 17920K, reserved 1048576K
}
Event: 627.920 GC heap before
{Heap before GC invocations=101 (full 0):
 garbage-first heap   total 399360K, used 342415K [0x00000000c0000000, 0x0000000100000000)
  region size 1024K, 177 young (181248K), 6 survivors (6144K)
 Metaspace       used 137716K, committed 138944K, reserved 1171456K
  class space    used 17350K, committed 17920K, reserved 1048576K
}
Event: 627.932 GC heap after
{Heap after GC invocations=102 (full 0):
 garbage-first heap   total 399360K, used 169173K [0x00000000c0000000, 0x0000000100000000)
  region size 1024K, 8 young (8192K), 8 survivors (8192K)
 Metaspace       used 137716K, committed 138944K, reserved 1171456K
  class space    used 17350K, committed 17920K, reserved 1048576K
}

