# JRE version: OpenJDK Runtime Environment (11.0.10) (build 11.0.10+0-b96-7249189)
# Java VM: OpenJDK 64-Bit Server VM (11.0.10+0-b96-7249189, mixed mode, tiered, compressed oops, g1 gc, windows-amd64)
Heap:
 garbage-first heap   total 131072K, used 104065K [0x00000000c0000000, 0x0000000100000000)
  region size 1024K, 40 young (40960K), 0 survivors (0K)
 Metaspace       used 81922K, capacity 83967K, committed 84044K, reserved 1122304K
  class space    used 10564K, capacity 11302K, committed 11340K, reserved 1048576K
GC Heap History (20 events):
Event: 7.823 GC heap before
{Heap before GC invocations=10 (full 0):
 garbage-first heap   total 131072K, used 78021K [0x00000000c0000000, 0x0000000100000000)
  region size 1024K, 58 young (59392K), 6 survivors (6144K)
 Metaspace       used 38808K, capacity 39703K, committed 39884K, reserved 1083392K
  class space    used 4941K, capacity 5252K, committed 5324K, reserved 1048576K
}
Event: 7.837 GC heap after
{Heap after GC invocations=11 (full 0):
 garbage-first heap   total 131072K, used 27164K [0x00000000c0000000, 0x0000000100000000)
  region size 1024K, 8 young (8192K), 8 survivors (8192K)
 Metaspace       used 38808K, capacity 39703K, committed 39884K, reserved 1083392K
  class space    used 4941K, capacity 5252K, committed 5324K, reserved 1048576K
}
Event: 8.787 GC heap before
{Heap before GC invocations=11 (full 0):
 garbage-first heap   total 131072K, used 81436K [0x00000000c0000000, 0x0000000100000000)
  region size 1024K, 61 young (62464K), 8 survivors (8192K)
 Metaspace       used 43836K, capacity 44871K, committed 45004K, reserved 1087488K
  class space    used 5601K, capacity 5969K, committed 6092K, reserved 1048576K
}
Event: 8.801 GC heap after
{Heap after GC invocations=12 (full 0):
 garbage-first heap   total 131072K, used 29220K [0x00000000c0000000, 0x0000000100000000)
  region size 1024K, 3 young (3072K), 3 survivors (3072K)
 Metaspace       used 43836K, capacity 44871K, committed 45004K, reserved 1087488K
  class space    used 5601K, capacity 5969K, committed 6092K, reserved 1048576K
}
Event: 10.259 GC heap before
{Heap before GC invocations=12 (full 0):
 garbage-first heap   total 131072K, used 86564K [0x00000000c0000000, 0x0000000100000000)
  region size 1024K, 58 young (59392K), 3 survivors (3072K)
 Metaspace       used 47091K, capacity 48244K, committed 48460K, reserved 1091584K
  class space    used 6009K, capacity 6426K, committed 6476K, reserved 1048576K
}
Event: 10.272 GC heap after
{Heap after GC invocations=13 (full 0):
 garbage-first heap   total 131072K, used 35335K [0x00000000c0000000, 0x0000000100000000)
  region size 1024K, 7 young (7168K), 7 survivors (7168K)
 Metaspace       used 47091K, capacity 48244K, committed 48460K, reserved 1091584K
  class space    used 6009K, capacity 6426K, committed 6476K, reserved 1048576K
}
Event: 12.396 GC heap before
{Heap before GC invocations=13 (full 0):
 garbage-first heap   total 131072K, used 92679K [0x00000000c0000000, 0x0000000100000000)
  region size 1024K, 61 young (62464K), 7 survivors (7168K)
 Metaspace       used 53269K, capacity 54657K, committed 54988K, reserved 1097728K
  class space    used 6798K, capacity 7272K, committed 7372K, reserved 1048576K
}
Event: 12.408 GC heap after
{Heap after GC invocations=14 (full 0):
 garbage-first heap   total 131072K, used 42645K [0x00000000c0000000, 0x0000000100000000)
  region size 1024K, 6 young (6144K), 6 survivors (6144K)
 Metaspace       used 53269K, capacity 54657K, committed 54988K, reserved 1097728K
  class space    used 6798K, capacity 7272K, committed 7372K, reserved 1048576K
}
Event: 13.521 GC heap before
{Heap before GC invocations=14 (full 0):
 garbage-first heap   total 131072K, used 73365K [0x00000000c0000000, 0x0000000100000000)
  region size 1024K, 37 young (37888K), 6 survivors (6144K)
 Metaspace       used 58704K, capacity 60131K, committed 60236K, reserved 1101824K
  class space    used 7401K, capacity 7919K, committed 8012K, reserved 1048576K
}
Event: 13.540 GC heap after
{Heap after GC invocations=15 (full 0):
 garbage-first heap   total 131072K, used 44238K [0x00000000c0000000, 0x0000000100000000)
  region size 1024K, 2 young (2048K), 2 survivors (2048K)
 Metaspace       used 58704K, capacity 60131K, committed 60236K, reserved 1101824K
  class space    used 7401K, capacity 7919K, committed 8012K, reserved 1048576K
}
Event: 15.114 GC heap before
{Heap before GC invocations=16 (full 0):
 garbage-first heap   total 131072K, used 95438K [0x00000000c0000000, 0x0000000100000000)
  region size 1024K, 52 young (53248K), 2 survivors (2048K)
 Metaspace       used 63688K, capacity 65155K, committed 65484K, reserved 1105920K
  class space    used 8023K, capacity 8559K, committed 8652K, reserved 1048576K
}
Event: 15.123 GC heap after
{Heap after GC invocations=17 (full 0):
 garbage-first heap   total 131072K, used 48593K [0x00000000c0000000, 0x0000000100000000)
  region size 1024K, 6 young (6144K), 6 survivors (6144K)
 Metaspace       used 63688K, capacity 65155K, committed 65484K, reserved 1105920K
  class space    used 8023K, capacity 8559K, committed 8652K, reserved 1048576K
}
Event: 16.589 GC heap before
{Heap before GC invocations=17 (full 0):
 garbage-first heap   total 131072K, used 98769K [0x00000000c0000000, 0x0000000100000000)
  region size 1024K, 55 young (56320K), 6 survivors (6144K)
 Metaspace       used 67178K, capacity 68799K, committed 69068K, reserved 1110016K
  class space    used 8540K, capacity 9089K, committed 9164K, reserved 1048576K
}
Event: 16.613 GC heap after
{Heap after GC invocations=18 (full 0):
 garbage-first heap   total 131072K, used 52500K [0x00000000c0000000, 0x0000000100000000)
  region size 1024K, 5 young (5120K), 5 survivors (5120K)
 Metaspace       used 67178K, capacity 68799K, committed 69068K, reserved 1110016K
  class space    used 8540K, capacity 9089K, committed 9164K, reserved 1048576K
}
Event: 18.007 GC heap before
{Heap before GC invocations=18 (full 0):
 garbage-first heap   total 131072K, used 100628K [0x00000000c0000000, 0x0000000100000000)
  region size 1024K, 52 young (53248K), 5 survivors (5120K)
 Metaspace       used 72571K, capacity 74321K, committed 74572K, reserved 1114112K
  class space    used 9374K, capacity 10022K, committed 10060K, reserved 1048576K
}
Event: 18.018 GC heap after
{Heap after GC invocations=19 (full 0):
 garbage-first heap   total 131072K, used 55490K [0x00000000c0000000, 0x0000000100000000)
  region size 1024K, 3 young (3072K), 3 survivors (3072K)
 Metaspace       used 72571K, capacity 74321K, committed 74572K, reserved 1114112K
  class space    used 9374K, capacity 10022K, committed 10060K, reserved 1048576K
}
Event: 19.211 GC heap before
{Heap before GC invocations=19 (full 0):
 garbage-first heap   total 131072K, used 103618K [0x00000000c0000000, 0x0000000100000000)
  region size 1024K, 50 young (51200K), 3 survivors (3072K)
 Metaspace       used 77406K, capacity 79183K, committed 79308K, reserved 1118208K
  class space    used 10013K, capacity 10637K, committed 10700K, reserved 1048576K
}
Event: 19.226 GC heap after
{Heap after GC invocations=20 (full 0):
 garbage-first heap   total 131072K, used 58728K [0x00000000c0000000, 0x0000000100000000)
  region size 1024K, 7 young (7168K), 7 survivors (7168K)
 Metaspace       used 77406K, capacity 79183K, committed 79308K, reserved 1118208K
  class space    used 10013K, capacity 10637K, committed 10700K, reserved 1048576K
}
Event: 20.695 GC heap before
{Heap before GC invocations=20 (full 0):
 garbage-first heap   total 131072K, used 102760K [0x00000000c0000000, 0x0000000100000000)
  region size 1024K, 51 young (52224K), 7 survivors (7168K)
 Metaspace       used 81228K, capacity 83240K, committed 83404K, reserved 1122304K
  class space    used 10488K, capacity 11198K, committed 11212K, reserved 1048576K
}
Event: 20.713 GC heap after
{Heap after GC invocations=21 (full 0):
 garbage-first heap   total 131072K, used 63255K [0x00000000c0000000, 0x0000000100000000)
  region size 1024K, 7 young (7168K), 7 survivors (7168K)
 Metaspace       used 81228K, capacity 83240K, committed 83404K, reserved 1122304K
  class space    used 10488K, capacity 11198K, committed 11212K, reserved 1048576K
}

