# JRE version: Java(TM) SE Runtime Environment (16.0.2+7) (build 16.0.2+7-67)
# Java VM: Java HotSpot(TM) 64-Bit Server VM (16.0.2+7-67, mixed mode, sharing, tiered, compressed oops, compressed class ptrs, g1 gc, windows-amd64)
GC Precious Log:
 CPUs: 4 total, 4 available
 Memory: 8089M
 Large Page Support: Disabled
 NUMA Support: Disabled
 Compressed Oops: Enabled (32-bit)
 Heap Region Size: 1M
 Heap Min Capacity: 8M
 Heap Initial Capacity: 128M
 Heap Max Capacity: 1536M
 Pre-touch: Disabled
 Parallel Workers: 4
 Concurrent Workers: 1
 Concurrent Refinement Workers: 4
 Periodic GC: Disabled
Heap:
 garbage-first heap   total 116736K, used 76249K [0x00000000a0000000, 0x0000000100000000)
  region size 1024K, 27 young (27648K), 6 survivors (6144K)
 Metaspace       used 39672K, committed 40192K, reserved 1089536K
  class space    used 5403K, committed 5632K, reserved 1048576K
GC Heap History (20 events):
Event: 0.782 GC heap before
{Heap before GC invocations=0 (full 0):
 garbage-first heap   total 131072K, used 15360K [0x00000000a0000000, 0x0000000100000000)
  region size 1024K, 13 young (13312K), 0 survivors (0K)
 Metaspace       used 1042K, committed 1216K, reserved 1056768K
  class space    used 73K, committed 128K, reserved 1048576K
}
Event: 0.789 GC heap after
{Heap after GC invocations=1 (full 0):
 garbage-first heap   total 131072K, used 3363K [0x00000000a0000000, 0x0000000100000000)
  region size 1024K, 2 young (2048K), 2 survivors (2048K)
 Metaspace       used 1042K, committed 1216K, reserved 1056768K
  class space    used 73K, committed 128K, reserved 1048576K
}
Event: 1.409 GC heap before
{Heap before GC invocations=1 (full 0):
 garbage-first heap   total 131072K, used 21795K [0x00000000a0000000, 0x0000000100000000)
  region size 1024K, 18 young (18432K), 2 survivors (2048K)
 Metaspace       used 3866K, committed 4032K, reserved 1056768K
  class space    used 470K, committed 576K, reserved 1048576K
}
Event: 1.416 GC heap after
{Heap after GC invocations=2 (full 0):
 garbage-first heap   total 131072K, used 9659K [0x00000000a0000000, 0x0000000100000000)
  region size 1024K, 3 young (3072K), 3 survivors (3072K)
 Metaspace       used 3866K, committed 4032K, reserved 1056768K
  class space    used 470K, committed 576K, reserved 1048576K
}
Event: 1.712 GC heap before
{Heap before GC invocations=2 (full 0):
 garbage-first heap   total 131072K, used 31163K [0x00000000a0000000, 0x0000000100000000)
  region size 1024K, 24 young (24576K), 3 survivors (3072K)
 Metaspace       used 4067K, committed 4288K, reserved 1056768K
  class space    used 483K, committed 576K, reserved 1048576K
}
Event: 1.716 GC heap after
{Heap after GC invocations=3 (full 0):
 garbage-first heap   total 131072K, used 10332K [0x00000000a0000000, 0x0000000100000000)
  region size 1024K, 1 young (1024K), 1 survivors (1024K)
 Metaspace       used 4067K, committed 4288K, reserved 1056768K
  class space    used 483K, committed 576K, reserved 1048576K
}
Event: 3.781 GC heap before
{Heap before GC invocations=3 (full 0):
 garbage-first heap   total 131072K, used 87132K [0x00000000a0000000, 0x0000000100000000)
  region size 1024K, 76 young (77824K), 1 survivors (1024K)
 Metaspace       used 15742K, committed 16000K, reserved 1064960K
  class space    used 2258K, committed 2368K, reserved 1048576K
}
Event: 3.794 GC heap after
{Heap after GC invocations=4 (full 0):
 garbage-first heap   total 131072K, used 18488K [0x00000000a0000000, 0x0000000100000000)
  region size 1024K, 9 young (9216K), 9 survivors (9216K)
 Metaspace       used 15742K, committed 16000K, reserved 1064960K
  class space    used 2258K, committed 2368K, reserved 1048576K
}
Event: 5.069 GC heap before
{Heap before GC invocations=4 (full 0):
 garbage-first heap   total 131072K, used 67640K [0x00000000a0000000, 0x0000000100000000)
  region size 1024K, 49 young (50176K), 9 survivors (9216K)
 Metaspace       used 20929K, committed 21248K, reserved 1073152K
  class space    used 3082K, committed 3264K, reserved 1048576K
}
Event: 5.082 GC heap after
{Heap after GC invocations=5 (full 0):
 garbage-first heap   total 131072K, used 33672K [0x00000000a0000000, 0x0000000100000000)
  region size 1024K, 5 young (5120K), 5 survivors (5120K)
 Metaspace       used 20929K, committed 21248K, reserved 1073152K
  class space    used 3082K, committed 3264K, reserved 1048576K
}
Event: 6.409 GC heap before
{Heap before GC invocations=6 (full 0):
 garbage-first heap   total 116736K, used 99208K [0x00000000a0000000, 0x0000000100000000)
  region size 1024K, 67 young (68608K), 5 survivors (5120K)
 Metaspace       used 30365K, committed 30784K, reserved 1081344K
  class space    used 4151K, committed 4352K, reserved 1048576K
}
Event: 6.423 GC heap after
{Heap after GC invocations=7 (full 0):
 garbage-first heap   total 116736K, used 39341K [0x00000000a0000000, 0x0000000100000000)
  region size 1024K, 9 young (9216K), 9 survivors (9216K)
 Metaspace       used 30365K, committed 30784K, reserved 1081344K
  class space    used 4151K, committed 4352K, reserved 1048576K
}
Event: 7.094 GC heap before
{Heap before GC invocations=7 (full 0):
 garbage-first heap   total 116736K, used 77229K [0x00000000a0000000, 0x0000000100000000)
  region size 1024K, 42 young (43008K), 9 survivors (9216K)
 Metaspace       used 35173K, committed 35520K, reserved 1081344K
  class space    used 4936K, committed 5120K, reserved 1048576K
}
Event: 7.109 GC heap after
{Heap after GC invocations=8 (full 0):
 garbage-first heap   total 116736K, used 48025K [0x00000000a0000000, 0x0000000100000000)
  region size 1024K, 4 young (4096K), 4 survivors (4096K)
 Metaspace       used 35173K, committed 35520K, reserved 1081344K
  class space    used 4936K, committed 5120K, reserved 1048576K
}
Event: 7.566 GC heap before
{Heap before GC invocations=9 (full 0):
 garbage-first heap   total 116736K, used 90009K [0x00000000a0000000, 0x0000000100000000)
  region size 1024K, 45 young (46080K), 4 survivors (4096K)
 Metaspace       used 35563K, committed 35904K, reserved 1081344K
  class space    used 4953K, committed 5120K, reserved 1048576K
}
Event: 7.577 GC heap after
{Heap after GC invocations=10 (full 0):
 garbage-first heap   total 116736K, used 49341K [0x00000000a0000000, 0x0000000100000000)
  region size 1024K, 6 young (6144K), 6 survivors (6144K)
 Metaspace       used 35563K, committed 35904K, reserved 1081344K
  class space    used 4953K, committed 5120K, reserved 1048576K
}
Event: 8.098 GC heap before
{Heap before GC invocations=10 (full 0):
 garbage-first heap   total 116736K, used 91325K [0x00000000a0000000, 0x0000000100000000)
  region size 1024K, 47 young (48128K), 6 survivors (6144K)
 Metaspace       used 36297K, committed 36672K, reserved 1081344K
  class space    used 5040K, committed 5184K, reserved 1048576K
}
Event: 8.108 GC heap after
{Heap after GC invocations=11 (full 0):
 garbage-first heap   total 116736K, used 50496K [0x00000000a0000000, 0x0000000100000000)
  region size 1024K, 3 young (3072K), 3 survivors (3072K)
 Metaspace       used 36297K, committed 36672K, reserved 1081344K
  class space    used 5040K, committed 5184K, reserved 1048576K
}
Event: 8.776 GC heap before
{Heap before GC invocations=11 (full 0):
 garbage-first heap   total 116736K, used 95552K [0x00000000a0000000, 0x0000000100000000)
  region size 1024K, 45 young (46080K), 3 survivors (3072K)
 Metaspace       used 38211K, committed 38592K, reserved 1089536K
  class space    used 5236K, committed 5440K, reserved 1048576K
}
Event: 8.782 GC heap after
{Heap after GC invocations=12 (full 0):
 garbage-first heap   total 116736K, used 55769K [0x00000000a0000000, 0x0000000100000000)
  region size 1024K, 6 young (6144K), 6 survivors (6144K)
 Metaspace       used 38211K, committed 38592K, reserved 1089536K
  class space    used 5236K, committed 5440K, reserved 1048576K
}

