# JRE version: Java(TM) SE Runtime Environment (16.0.2+7) (build 16.0.2+7-67)
# Java VM: Java HotSpot(TM) 64-Bit Server VM (16.0.2+7-67, mixed mode, sharing, tiered, compressed oops, compressed class ptrs, g1 gc, windows-amd64)
GC Precious Log:
 CPUs: 4 total, 4 available
 Memory: 8089M
 Large Page Support: Disabled
 NUMA Support: Disabled
 Compressed Oops: Enabled (32-bit)
 Heap Region Size: 1M
 Heap Min Capacity: 8M
 Heap Initial Capacity: 128M
 Heap Max Capacity: 1G
 Pre-touch: Disabled
 Parallel Workers: 4
 Concurrent Workers: 1
 Concurrent Refinement Workers: 4
 Periodic GC: Disabled
Heap:
 garbage-first heap   total 193536K, used 115072K [0x00000000c0000000, 0x0000000100000000)
  region size 1024K, 9 young (9216K), 7 survivors (7168K)
 Metaspace       used 96464K, committed 97344K, reserved 1138688K
  class space    used 12561K, committed 12992K, reserved 1048576K
GC Heap History (20 events):
Event: 13.980 GC heap before
{Heap before GC invocations=25 (full 0):
 garbage-first heap   total 158720K, used 114865K [0x00000000c0000000, 0x0000000100000000)
  region size 1024K, 34 young (34816K), 5 survivors (5120K)
 Metaspace       used 68400K, committed 68992K, reserved 1114112K
  class space    used 9063K, committed 9344K, reserved 1048576K
}
Event: 13.991 GC heap after
{Heap after GC invocations=26 (full 0):
 garbage-first heap   total 158720K, used 88300K [0x00000000c0000000, 0x0000000100000000)
  region size 1024K, 3 young (3072K), 3 survivors (3072K)
 Metaspace       used 68400K, committed 68992K, reserved 1114112K
  class space    used 9063K, committed 9344K, reserved 1048576K
}
Event: 14.282 GC heap before
{Heap before GC invocations=26 (full 0):
 garbage-first heap   total 158720K, used 106732K [0x00000000c0000000, 0x0000000100000000)
  region size 1024K, 23 young (23552K), 3 survivors (3072K)
 Metaspace       used 70450K, committed 71104K, reserved 1114112K
  class space    used 9325K, committed 9600K, reserved 1048576K
}
Event: 14.288 GC heap after
{Heap after GC invocations=27 (full 0):
 garbage-first heap   total 158720K, used 90064K [0x00000000c0000000, 0x0000000100000000)
  region size 1024K, 5 young (5120K), 5 survivors (5120K)
 Metaspace       used 70450K, committed 71104K, reserved 1114112K
  class space    used 9325K, committed 9600K, reserved 1048576K
}
Event: 15.228 GC heap before
{Heap before GC invocations=28 (full 0):
 garbage-first heap   total 163840K, used 131024K [0x00000000c0000000, 0x0000000100000000)
  region size 1024K, 44 young (45056K), 5 survivors (5120K)
 Metaspace       used 77203K, committed 77888K, reserved 1122304K
  class space    used 10120K, committed 10432K, reserved 1048576K
}
Event: 15.240 GC heap after
{Heap after GC invocations=29 (full 0):
 garbage-first heap   total 163840K, used 91798K [0x00000000c0000000, 0x0000000100000000)
  region size 1024K, 4 young (4096K), 4 survivors (4096K)
 Metaspace       used 77203K, committed 77888K, reserved 1122304K
  class space    used 10120K, committed 10432K, reserved 1048576K
}
Event: 16.084 GC heap before
{Heap before GC invocations=29 (full 0):
 garbage-first heap   total 163840K, used 134806K [0x00000000c0000000, 0x0000000100000000)
  region size 1024K, 47 young (48128K), 4 survivors (4096K)
 Metaspace       used 79830K, committed 80512K, reserved 1122304K
  class space    used 10527K, committed 10816K, reserved 1048576K
}
Event: 16.095 GC heap after
{Heap after GC invocations=30 (full 0):
 garbage-first heap   total 163840K, used 95078K [0x00000000c0000000, 0x0000000100000000)
  region size 1024K, 6 young (6144K), 6 survivors (6144K)
 Metaspace       used 79830K, committed 80512K, reserved 1122304K
  class space    used 10527K, committed 10816K, reserved 1048576K
}
Event: 17.017 GC heap before
{Heap before GC invocations=31 (full 0):
 garbage-first heap   total 168960K, used 133990K [0x00000000c0000000, 0x0000000100000000)
  region size 1024K, 45 young (46080K), 6 survivors (6144K)
 Metaspace       used 80706K, committed 81472K, reserved 1122304K
  class space    used 10595K, committed 10944K, reserved 1048576K
}
Event: 17.027 GC heap after
{Heap after GC invocations=32 (full 0):
 garbage-first heap   total 168960K, used 97418K [0x00000000c0000000, 0x0000000100000000)
  region size 1024K, 3 young (3072K), 3 survivors (3072K)
 Metaspace       used 80706K, committed 81472K, reserved 1122304K
  class space    used 10595K, committed 10944K, reserved 1048576K
}
Event: 17.896 GC heap before
{Heap before GC invocations=32 (full 0):
 garbage-first heap   total 168960K, used 140426K [0x00000000c0000000, 0x0000000100000000)
  region size 1024K, 45 young (46080K), 3 survivors (3072K)
 Metaspace       used 84725K, committed 85440K, reserved 1130496K
  class space    used 11155K, committed 11520K, reserved 1048576K
}
Event: 17.903 GC heap after
{Heap after GC invocations=33 (full 0):
 garbage-first heap   total 168960K, used 99480K [0x00000000c0000000, 0x0000000100000000)
  region size 1024K, 5 young (5120K), 5 survivors (5120K)
 Metaspace       used 84725K, committed 85440K, reserved 1130496K
  class space    used 11155K, committed 11520K, reserved 1048576K
}
Event: 31.311 GC heap before
{Heap before GC invocations=34 (full 0):
 garbage-first heap   total 179200K, used 139416K [0x00000000c0000000, 0x0000000100000000)
  region size 1024K, 45 young (46080K), 5 survivors (5120K)
 Metaspace       used 88770K, committed 89600K, reserved 1130496K
  class space    used 11514K, committed 11904K, reserved 1048576K
}
Event: 31.321 GC heap after
{Heap after GC invocations=35 (full 0):
 garbage-first heap   total 179200K, used 102009K [0x00000000c0000000, 0x0000000100000000)
  region size 1024K, 5 young (5120K), 5 survivors (5120K)
 Metaspace       used 88770K, committed 89600K, reserved 1130496K
  class space    used 11514K, committed 11904K, reserved 1048576K
}
Event: 32.673 GC heap before
{Heap before GC invocations=35 (full 0):
 garbage-first heap   total 179200K, used 149113K [0x00000000c0000000, 0x0000000100000000)
  region size 1024K, 52 young (53248K), 5 survivors (5120K)
 Metaspace       used 91043K, committed 91904K, reserved 1130496K
  class space    used 11811K, committed 12224K, reserved 1048576K
}
Event: 32.687 GC heap after
{Heap after GC invocations=36 (full 0):
 garbage-first heap   total 179200K, used 106717K [0x00000000c0000000, 0x0000000100000000)
  region size 1024K, 7 young (7168K), 7 survivors (7168K)
 Metaspace       used 91043K, committed 91904K, reserved 1130496K
  class space    used 11811K, committed 12224K, reserved 1048576K
}
Event: 34.001 GC heap before
{Heap before GC invocations=37 (full 0):
 garbage-first heap   total 193536K, used 148701K [0x00000000c0000000, 0x0000000100000000)
  region size 1024K, 48 young (49152K), 7 survivors (7168K)
 Metaspace       used 94739K, committed 95616K, reserved 1138688K
  class space    used 12328K, committed 12736K, reserved 1048576K
}
Event: 34.026 GC heap after
{Heap after GC invocations=38 (full 0):
 garbage-first heap   total 193536K, used 110602K [0x00000000c0000000, 0x0000000100000000)
  region size 1024K, 4 young (4096K), 4 survivors (4096K)
 Metaspace       used 94739K, committed 95616K, reserved 1138688K
  class space    used 12328K, committed 12736K, reserved 1048576K
}
Event: 34.893 GC heap before
{Heap before GC invocations=38 (full 0):
 garbage-first heap   total 193536K, used 159754K [0x00000000c0000000, 0x0000000100000000)
  region size 1024K, 53 young (54272K), 4 survivors (4096K)
 Metaspace       used 96275K, committed 97152K, reserved 1138688K
  class space    used 12530K, committed 12928K, reserved 1048576K
}
Event: 34.905 GC heap after
{Heap after GC invocations=39 (full 0):
 garbage-first heap   total 193536K, used 114048K [0x00000000c0000000, 0x0000000100000000)
  region size 1024K, 7 young (7168K), 7 survivors (7168K)
 Metaspace       used 96275K, committed 97152K, reserved 1138688K
  class space    used 12530K, committed 12928K, reserved 1048576K
}

