# JRE version: OpenJDK Runtime Environment (11.0.10) (build 11.0.10+0-b96-7249189)
# Java VM: OpenJDK 64-Bit Server VM (11.0.10+0-b96-7249189, mixed mode, tiered, compressed oops, g1 gc, windows-amd64)
Heap:
 garbage-first heap   total 131072K, used 87014K [0x00000000c0000000, 0x0000000100000000)
  region size 1024K, 25 young (25600K), 3 survivors (3072K)
 Metaspace       used 83425K, capacity 85597K, committed 85836K, reserved 1124352K
  class space    used 10746K, capacity 11537K, committed 11596K, reserved 1048576K
GC Heap History (20 events):
Event: 8.597 GC heap before
{Heap before GC invocations=9 (full 0):
 garbage-first heap   total 131072K, used 91449K [0x00000000c0000000, 0x0000000100000000)
  region size 1024K, 72 young (73728K), 7 survivors (7168K)
 Metaspace       used 39891K, capacity 40825K, committed 41088K, reserved 1085440K
  class space    used 5109K, capacity 5456K, committed 5504K, reserved 1048576K
}
Event: 8.620 GC heap after
{Heap after GC invocations=10 (full 0):
 garbage-first heap   total 131072K, used 27077K [0x00000000c0000000, 0x0000000100000000)
  region size 1024K, 9 young (9216K), 9 survivors (9216K)
 Metaspace       used 39891K, capacity 40825K, committed 41088K, reserved 1085440K
  class space    used 5109K, capacity 5456K, committed 5504K, reserved 1048576K
}
Event: 10.186 GC heap before
{Heap before GC invocations=10 (full 0):
 garbage-first heap   total 131072K, used 95685K [0x00000000c0000000, 0x0000000100000000)
  region size 1024K, 75 young (76800K), 9 survivors (9216K)
 Metaspace       used 45839K, capacity 46954K, committed 47104K, reserved 1089536K
  class space    used 5881K, capacity 6301K, committed 6400K, reserved 1048576K
}
Event: 10.212 GC heap after
{Heap after GC invocations=11 (full 0):
 garbage-first heap   total 131072K, used 29323K [0x00000000c0000000, 0x0000000100000000)
  region size 1024K, 8 young (8192K), 8 survivors (8192K)
 Metaspace       used 45839K, capacity 46954K, committed 47104K, reserved 1089536K
  class space    used 5881K, capacity 6301K, committed 6400K, reserved 1048576K
}
Event: 12.322 GC heap before
{Heap before GC invocations=11 (full 0):
 garbage-first heap   total 131072K, used 101003K [0x00000000c0000000, 0x0000000100000000)
  region size 1024K, 75 young (76800K), 8 survivors (8192K)
 Metaspace       used 50858K, capacity 52107K, committed 52352K, reserved 1095680K
  class space    used 6477K, capacity 6932K, committed 7040K, reserved 1048576K
}
Event: 12.345 GC heap after
{Heap after GC invocations=12 (full 0):
 garbage-first heap   total 131072K, used 40960K [0x00000000c0000000, 0x0000000100000000)
  region size 1024K, 10 young (10240K), 10 survivors (10240K)
 Metaspace       used 50858K, capacity 52107K, committed 52352K, reserved 1095680K
  class space    used 6477K, capacity 6932K, committed 7040K, reserved 1048576K
}
Event: 14.702 GC heap before
{Heap before GC invocations=12 (full 0):
 garbage-first heap   total 131072K, used 88064K [0x00000000c0000000, 0x0000000100000000)
  region size 1024K, 57 young (58368K), 10 survivors (10240K)
 Metaspace       used 58733K, capacity 60136K, committed 60160K, reserved 1101824K
  class space    used 7399K, capacity 7920K, committed 7936K, reserved 1048576K
}
Event: 14.728 GC heap after
{Heap after GC invocations=13 (full 0):
 garbage-first heap   total 131072K, used 44024K [0x00000000c0000000, 0x0000000100000000)
  region size 1024K, 3 young (3072K), 3 survivors (3072K)
 Metaspace       used 58733K, capacity 60136K, committed 60160K, reserved 1101824K
  class space    used 7399K, capacity 7920K, committed 7936K, reserved 1048576K
}
Event: 16.218 GC heap before
{Heap before GC invocations=14 (full 0):
 garbage-first heap   total 131072K, used 97272K [0x00000000c0000000, 0x0000000100000000)
  region size 1024K, 55 young (56320K), 3 survivors (3072K)
 Metaspace       used 63965K, capacity 65481K, committed 65740K, reserved 1105920K
  class space    used 8043K, capacity 8602K, committed 8652K, reserved 1048576K
}
Event: 16.230 GC heap after
{Heap after GC invocations=15 (full 0):
 garbage-first heap   total 131072K, used 49472K [0x00000000c0000000, 0x0000000100000000)
  region size 1024K, 7 young (7168K), 7 survivors (7168K)
 Metaspace       used 63965K, capacity 65481K, committed 65740K, reserved 1105920K
  class space    used 8043K, capacity 8602K, committed 8652K, reserved 1048576K
}
Event: 17.774 GC heap before
{Heap before GC invocations=15 (full 0):
 garbage-first heap   total 131072K, used 99648K [0x00000000c0000000, 0x0000000100000000)
  region size 1024K, 56 young (57344K), 7 survivors (7168K)
 Metaspace       used 67658K, capacity 69321K, committed 69452K, reserved 1110016K
  class space    used 8616K, capacity 9196K, committed 9292K, reserved 1048576K
}
Event: 17.794 GC heap after
{Heap after GC invocations=16 (full 0):
 garbage-first heap   total 131072K, used 52696K [0x00000000c0000000, 0x0000000100000000)
  region size 1024K, 5 young (5120K), 5 survivors (5120K)
 Metaspace       used 67658K, capacity 69321K, committed 69452K, reserved 1110016K
  class space    used 8616K, capacity 9196K, committed 9292K, reserved 1048576K
}
Event: 19.238 GC heap before
{Heap before GC invocations=16 (full 0):
 garbage-first heap   total 131072K, used 101848K [0x00000000c0000000, 0x0000000100000000)
  region size 1024K, 53 young (54272K), 5 survivors (5120K)
 Metaspace       used 72538K, capacity 74197K, committed 74316K, reserved 1114112K
  class space    used 9370K, capacity 9974K, committed 10060K, reserved 1048576K
}
Event: 19.253 GC heap after
{Heap after GC invocations=17 (full 0):
 garbage-first heap   total 131072K, used 55575K [0x00000000c0000000, 0x0000000100000000)
  region size 1024K, 4 young (4096K), 4 survivors (4096K)
 Metaspace       used 72538K, capacity 74197K, committed 74316K, reserved 1114112K
  class space    used 9370K, capacity 9974K, committed 10060K, reserved 1048576K
}
Event: 20.431 GC heap before
{Heap before GC invocations=17 (full 0):
 garbage-first heap   total 131072K, used 102679K [0x00000000c0000000, 0x0000000100000000)
  region size 1024K, 50 young (51200K), 4 survivors (4096K)
 Metaspace       used 77701K, capacity 79551K, committed 79692K, reserved 1118208K
  class space    used 10050K, capacity 10715K, committed 10828K, reserved 1048576K
}
Event: 20.441 GC heap after
{Heap after GC invocations=18 (full 0):
 garbage-first heap   total 131072K, used 58770K [0x00000000c0000000, 0x0000000100000000)
  region size 1024K, 7 young (7168K), 7 survivors (7168K)
 Metaspace       used 77701K, capacity 79551K, committed 79692K, reserved 1118208K
  class space    used 10050K, capacity 10715K, committed 10828K, reserved 1048576K
}
Event: 22.061 GC heap before
{Heap before GC invocations=18 (full 0):
 garbage-first heap   total 131072K, used 103826K [0x00000000c0000000, 0x0000000100000000)
  region size 1024K, 52 young (53248K), 7 survivors (7168K)
 Metaspace       used 81862K, capacity 83973K, committed 84172K, reserved 1122304K
  class space    used 10605K, capacity 11372K, committed 11468K, reserved 1048576K
}
Event: 22.086 GC heap after
{Heap after GC invocations=19 (full 0):
 garbage-first heap   total 131072K, used 63244K [0x00000000c0000000, 0x0000000100000000)
  region size 1024K, 7 young (7168K), 7 survivors (7168K)
 Metaspace       used 81862K, capacity 83973K, committed 84172K, reserved 1122304K
  class space    used 10605K, capacity 11372K, committed 11468K, reserved 1048576K
}
Event: 24.021 GC heap before
{Heap before GC invocations=19 (full 0):
 garbage-first heap   total 131072K, used 105228K [0x00000000c0000000, 0x0000000100000000)
  region size 1024K, 49 young (50176K), 7 survivors (7168K)
 Metaspace       used 82441K, capacity 84566K, committed 84684K, reserved 1122304K
  class space    used 10649K, capacity 11430K, committed 11468K, reserved 1048576K
}
Event: 24.049 GC heap after
{Heap after GC invocations=20 (full 0):
 garbage-first heap   total 131072K, used 66534K [0x00000000c0000000, 0x0000000100000000)
  region size 1024K, 3 young (3072K), 3 survivors (3072K)
 Metaspace       used 82441K, capacity 84566K, committed 84684K, reserved 1122304K
  class space    used 10649K, capacity 11430K, committed 11468K, reserved 1048576K
}

