# JRE version: Java(TM) SE Runtime Environment (16.0.2+7) (build 16.0.2+7-67)
# Java VM: Java HotSpot(TM) 64-Bit Server VM (16.0.2+7-67, mixed mode, sharing, tiered, compressed oops, compressed class ptrs, g1 gc, windows-amd64)
GC Precious Log:
 CPUs: 4 total, 4 available
 Memory: 8089M
 Large Page Support: Disabled
 NUMA Support: Disabled
 Compressed Oops: Enabled (32-bit)
 Heap Region Size: 1M
 Heap Min Capacity: 8M
 Heap Initial Capacity: 128M
 Heap Max Capacity: 1536M
 Pre-touch: Disabled
 Parallel Workers: 4
 Concurrent Workers: 1
 Concurrent Refinement Workers: 4
 Periodic GC: Disabled
Heap:
 garbage-first heap   total 131072K, used 63439K [0x00000000a0000000, 0x0000000100000000)
  region size 1024K, 2 young (2048K), 2 survivors (2048K)
 Metaspace       used 45646K, committed 46144K, reserved 1089536K
  class space    used 6148K, committed 6400K, reserved 1048576K
GC Heap History (20 events):
Event: 1.294 GC heap after
{Heap after GC invocations=3 (full 0):
 garbage-first heap   total 131072K, used 10021K [0x00000000a0000000, 0x0000000100000000)
  region size 1024K, 1 young (1024K), 1 survivors (1024K)
 Metaspace       used 4065K, committed 4224K, reserved 1056768K
  class space    used 483K, committed 576K, reserved 1048576K
}
Event: 3.161 GC heap before
{Heap before GC invocations=3 (full 0):
 garbage-first heap   total 131072K, used 86821K [0x00000000a0000000, 0x0000000100000000)
  region size 1024K, 76 young (77824K), 1 survivors (1024K)
 Metaspace       used 15900K, committed 16192K, reserved 1064960K
  class space    used 2286K, committed 2432K, reserved 1048576K
}
Event: 3.171 GC heap after
{Heap after GC invocations=4 (full 0):
 garbage-first heap   total 131072K, used 18253K [0x00000000a0000000, 0x0000000100000000)
  region size 1024K, 9 young (9216K), 9 survivors (9216K)
 Metaspace       used 15900K, committed 16192K, reserved 1064960K
  class space    used 2286K, committed 2432K, reserved 1048576K
}
Event: 4.131 GC heap before
{Heap before GC invocations=4 (full 0):
 garbage-first heap   total 131072K, used 68429K [0x00000000a0000000, 0x0000000100000000)
  region size 1024K, 49 young (50176K), 9 survivors (9216K)
 Metaspace       used 20912K, committed 21248K, reserved 1073152K
  class space    used 3084K, committed 3264K, reserved 1048576K
}
Event: 4.141 GC heap after
{Heap after GC invocations=5 (full 0):
 garbage-first heap   total 131072K, used 34178K [0x00000000a0000000, 0x0000000100000000)
  region size 1024K, 6 young (6144K), 6 survivors (6144K)
 Metaspace       used 20912K, committed 21248K, reserved 1073152K
  class space    used 3084K, committed 3264K, reserved 1048576K
}
Event: 5.261 GC heap before
{Heap before GC invocations=6 (full 0):
 garbage-first heap   total 119808K, used 96642K [0x00000000a0000000, 0x0000000100000000)
  region size 1024K, 65 young (66560K), 6 survivors (6144K)
 Metaspace       used 30153K, committed 30592K, reserved 1081344K
  class space    used 4096K, committed 4288K, reserved 1048576K
}
Event: 5.272 GC heap after
{Heap after GC invocations=7 (full 0):
 garbage-first heap   total 119808K, used 39330K [0x00000000a0000000, 0x0000000100000000)
  region size 1024K, 6 young (6144K), 6 survivors (6144K)
 Metaspace       used 30153K, committed 30592K, reserved 1081344K
  class space    used 4096K, committed 4288K, reserved 1048576K
}
Event: 6.055 GC heap before
{Heap before GC invocations=7 (full 0):
 garbage-first heap   total 119808K, used 79266K [0x00000000a0000000, 0x0000000100000000)
  region size 1024K, 42 young (43008K), 6 survivors (6144K)
 Metaspace       used 35237K, committed 35648K, reserved 1081344K
  class space    used 4915K, committed 5120K, reserved 1048576K
}
Event: 6.066 GC heap after
{Heap after GC invocations=8 (full 0):
 garbage-first heap   total 119808K, used 47669K [0x00000000a0000000, 0x0000000100000000)
  region size 1024K, 4 young (4096K), 4 survivors (4096K)
 Metaspace       used 35237K, committed 35648K, reserved 1081344K
  class space    used 4915K, committed 5120K, reserved 1048576K
}
Event: 6.563 GC heap before
{Heap before GC invocations=9 (full 0):
 garbage-first heap   total 119808K, used 91701K [0x00000000a0000000, 0x0000000100000000)
  region size 1024K, 47 young (48128K), 4 survivors (4096K)
 Metaspace       used 35964K, committed 36416K, reserved 1081344K
  class space    used 4993K, committed 5184K, reserved 1048576K
}
Event: 6.575 GC heap after
{Heap after GC invocations=10 (full 0):
 garbage-first heap   total 119808K, used 49940K [0x00000000a0000000, 0x0000000100000000)
  region size 1024K, 6 young (6144K), 6 survivors (6144K)
 Metaspace       used 35964K, committed 36416K, reserved 1081344K
  class space    used 4993K, committed 5184K, reserved 1048576K
}
Event: 7.019 GC heap before
{Heap before GC invocations=10 (full 0):
 garbage-first heap   total 119808K, used 93972K [0x00000000a0000000, 0x0000000100000000)
  region size 1024K, 49 young (50176K), 6 survivors (6144K)
 Metaspace       used 36953K, committed 37376K, reserved 1081344K
  class space    used 5110K, committed 5312K, reserved 1048576K
}
Event: 7.027 GC heap after
{Heap after GC invocations=11 (full 0):
 garbage-first heap   total 119808K, used 51059K [0x00000000a0000000, 0x0000000100000000)
  region size 1024K, 4 young (4096K), 4 survivors (4096K)
 Metaspace       used 36953K, committed 37376K, reserved 1081344K
  class space    used 5110K, committed 5312K, reserved 1048576K
}
Event: 7.553 GC heap before
{Heap before GC invocations=11 (full 0):
 garbage-first heap   total 119808K, used 98163K [0x00000000a0000000, 0x0000000100000000)
  region size 1024K, 47 young (48128K), 4 survivors (4096K)
 Metaspace       used 38547K, committed 39040K, reserved 1089536K
  class space    used 5257K, committed 5504K, reserved 1048576K
}
Event: 7.561 GC heap after
{Heap after GC invocations=12 (full 0):
 garbage-first heap   total 119808K, used 56861K [0x00000000a0000000, 0x0000000100000000)
  region size 1024K, 5 young (5120K), 5 survivors (5120K)
 Metaspace       used 38547K, committed 39040K, reserved 1089536K
  class space    used 5257K, committed 5504K, reserved 1048576K
}
Event: 7.922 GC heap before
{Heap before GC invocations=12 (full 0):
 garbage-first heap   total 119808K, used 72221K [0x00000000a0000000, 0x0000000100000000)
  region size 1024K, 22 young (22528K), 5 survivors (5120K)
 Metaspace       used 39814K, committed 40256K, reserved 1089536K
  class space    used 5408K, committed 5632K, reserved 1048576K
}
Event: 7.933 GC heap after
{Heap after GC invocations=13 (full 0):
 garbage-first heap   total 119808K, used 58913K [0x00000000a0000000, 0x0000000100000000)
  region size 1024K, 5 young (5120K), 5 survivors (5120K)
 Metaspace       used 39814K, committed 40256K, reserved 1089536K
  class space    used 5408K, committed 5632K, reserved 1048576K
}
Event: 8.827 GC heap before
{Heap before GC invocations=14 (full 0):
 garbage-first heap   total 119808K, used 98849K [0x00000000a0000000, 0x0000000100000000)
  region size 1024K, 43 young (44032K), 5 survivors (5120K)
 Metaspace       used 43128K, committed 43712K, reserved 1089536K
  class space    used 5801K, committed 6080K, reserved 1048576K
}
Event: 8.838 GC heap after
{Heap after GC invocations=15 (full 0):
 garbage-first heap   total 119808K, used 61635K [0x00000000a0000000, 0x0000000100000000)
  region size 1024K, 5 young (5120K), 5 survivors (5120K)
 Metaspace       used 43128K, committed 43712K, reserved 1089536K
  class space    used 5801K, committed 6080K, reserved 1048576K
}
Event: 9.612 GC heap before
{Heap before GC invocations=15 (full 0):
 garbage-first heap   total 119808K, used 97475K [0x00000000a0000000, 0x0000000100000000)
  region size 1024K, 40 young (40960K), 5 survivors (5120K)
 Metaspace       used 45646K, committed 46144K, reserved 1089536K
  class space    used 6148K, committed 6400K, reserved 1048576K
}

