# JRE version: Java(TM) SE Runtime Environment (16.0.2+7) (build 16.0.2+7-67)
# Java VM: Java HotSpot(TM) 64-Bit Server VM (16.0.2+7-67, mixed mode, sharing, tiered, compressed oops, compressed class ptrs, g1 gc, windows-amd64)
GC Precious Log:
 CPUs: 4 total, 4 available
 Memory: 8089M
 Large Page Support: Disabled
 NUMA Support: Disabled
 Compressed Oops: Enabled (32-bit)
 Heap Region Size: 1M
 Heap Min Capacity: 8M
 Heap Initial Capacity: 128M
 Heap Max Capacity: 1536M
 Pre-touch: Disabled
 Parallel Workers: 4
 Concurrent Workers: 1
 Concurrent Refinement Workers: 4
 Periodic GC: Disabled
Heap:
 garbage-first heap   total 214016K, used 145110K [0x00000000a0000000, 0x0000000100000000)
  region size 1024K, 20 young (20480K), 8 survivors (8192K)
 Metaspace       used 101737K, committed 102592K, reserved 1138688K
  class space    used 13295K, committed 13696K, reserved 1048576K
GC Heap History (20 events):
Event: 13.721 GC heap before
{Heap before GC invocations=26 (full 0):
 garbage-first heap   total 177152K, used 141014K [0x00000000a0000000, 0x0000000100000000)
  region size 1024K, 52 young (53248K), 7 survivors (7168K)
 Metaspace       used 73534K, committed 74176K, reserved 1114112K
  class space    used 9769K, committed 10048K, reserved 1048576K
}
Event: 13.735 GC heap after
{Heap after GC invocations=27 (full 0):
 garbage-first heap   total 177152K, used 99433K [0x00000000a0000000, 0x0000000100000000)
  region size 1024K, 5 young (5120K), 5 survivors (5120K)
 Metaspace       used 73534K, committed 74176K, reserved 1114112K
  class space    used 9769K, committed 10048K, reserved 1048576K
}
Event: 14.002 GC heap before
{Heap before GC invocations=27 (full 0):
 garbage-first heap   total 177152K, used 117865K [0x00000000a0000000, 0x0000000100000000)
  region size 1024K, 24 young (24576K), 5 survivors (5120K)
 Metaspace       used 75567K, committed 76224K, reserved 1122304K
  class space    used 10032K, committed 10304K, reserved 1048576K
}
Event: 14.011 GC heap after
{Heap after GC invocations=28 (full 0):
 garbage-first heap   total 177152K, used 101538K [0x00000000a0000000, 0x0000000100000000)
  region size 1024K, 3 young (3072K), 3 survivors (3072K)
 Metaspace       used 75567K, committed 76224K, reserved 1122304K
  class space    used 10032K, committed 10304K, reserved 1048576K
}
Event: 15.002 GC heap before
{Heap before GC invocations=29 (full 0):
 garbage-first heap   total 181248K, used 144546K [0x00000000a0000000, 0x0000000100000000)
  region size 1024K, 44 young (45056K), 3 survivors (3072K)
 Metaspace       used 82458K, committed 83136K, reserved 1122304K
  class space    used 10845K, committed 11136K, reserved 1048576K
}
Event: 15.014 GC heap after
{Heap after GC invocations=30 (full 0):
 garbage-first heap   total 181248K, used 103290K [0x00000000a0000000, 0x0000000100000000)
  region size 1024K, 4 young (4096K), 4 survivors (4096K)
 Metaspace       used 82458K, committed 83136K, reserved 1122304K
  class space    used 10845K, committed 11136K, reserved 1048576K
}
Event: 15.835 GC heap before
{Heap before GC invocations=30 (full 0):
 garbage-first heap   total 181248K, used 148346K [0x00000000a0000000, 0x0000000100000000)
  region size 1024K, 49 young (50176K), 4 survivors (4096K)
 Metaspace       used 84912K, committed 85632K, reserved 1130496K
  class space    used 11219K, committed 11520K, reserved 1048576K
}
Event: 15.846 GC heap after
{Heap after GC invocations=31 (full 0):
 garbage-first heap   total 181248K, used 106643K [0x00000000a0000000, 0x0000000100000000)
  region size 1024K, 6 young (6144K), 6 survivors (6144K)
 Metaspace       used 84912K, committed 85632K, reserved 1130496K
  class space    used 11219K, committed 11520K, reserved 1048576K
}
Event: 16.655 GC heap before
{Heap before GC invocations=32 (full 0):
 garbage-first heap   total 191488K, used 147603K [0x00000000a0000000, 0x0000000100000000)
  region size 1024K, 47 young (48128K), 6 survivors (6144K)
 Metaspace       used 85813K, committed 86528K, reserved 1130496K
  class space    used 11303K, committed 11584K, reserved 1048576K
}
Event: 16.668 GC heap after
{Heap after GC invocations=33 (full 0):
 garbage-first heap   total 191488K, used 108944K [0x00000000a0000000, 0x0000000100000000)
  region size 1024K, 3 young (3072K), 3 survivors (3072K)
 Metaspace       used 85813K, committed 86528K, reserved 1130496K
  class space    used 11303K, committed 11584K, reserved 1048576K
}
Event: 32.235 GC heap before
{Heap before GC invocations=33 (full 0):
 garbage-first heap   total 191488K, used 158096K [0x00000000a0000000, 0x0000000100000000)
  region size 1024K, 52 young (53248K), 3 survivors (3072K)
 Metaspace       used 93133K, committed 94016K, reserved 1130496K
  class space    used 12145K, committed 12544K, reserved 1048576K
}
Event: 32.243 GC heap after
{Heap after GC invocations=34 (full 0):
 garbage-first heap   total 191488K, used 111027K [0x00000000a0000000, 0x0000000100000000)
  region size 1024K, 5 young (5120K), 5 survivors (5120K)
 Metaspace       used 93133K, committed 94016K, reserved 1130496K
  class space    used 12145K, committed 12544K, reserved 1048576K
}
Event: 41.035 GC heap before
{Heap before GC invocations=35 (full 0):
 garbage-first heap   total 191488K, used 159155K [0x00000000a0000000, 0x0000000100000000)
  region size 1024K, 53 young (54272K), 5 survivors (5120K)
 Metaspace       used 94915K, committed 95744K, reserved 1138688K
  class space    used 12331K, committed 12736K, reserved 1048576K
}
Event: 41.048 GC heap after
{Heap after GC invocations=36 (full 0):
 garbage-first heap   total 191488K, used 115858K [0x00000000a0000000, 0x0000000100000000)
  region size 1024K, 7 young (7168K), 7 survivors (7168K)
 Metaspace       used 94915K, committed 95744K, reserved 1138688K
  class space    used 12331K, committed 12736K, reserved 1048576K
}
Event: 42.275 GC heap before
{Heap before GC invocations=36 (full 0):
 garbage-first heap   total 191488K, used 158866K [0x00000000a0000000, 0x0000000100000000)
  region size 1024K, 50 young (51200K), 7 survivors (7168K)
 Metaspace       used 97533K, committed 98368K, reserved 1138688K
  class space    used 12744K, committed 13120K, reserved 1048576K
}
Event: 42.288 GC heap after
{Heap after GC invocations=37 (full 0):
 garbage-first heap   total 191488K, used 118926K [0x00000000a0000000, 0x0000000100000000)
  region size 1024K, 3 young (3072K), 3 survivors (3072K)
 Metaspace       used 97533K, committed 98368K, reserved 1138688K
  class space    used 12744K, committed 13120K, reserved 1048576K
}
Event: 43.230 GC heap before
{Heap before GC invocations=38 (full 0):
 garbage-first heap   total 214016K, used 158862K [0x00000000a0000000, 0x0000000100000000)
  region size 1024K, 43 young (44032K), 3 survivors (3072K)
 Metaspace       used 99801K, committed 100608K, reserved 1138688K
  class space    used 13018K, committed 13376K, reserved 1048576K
}
Event: 43.241 GC heap after
{Heap after GC invocations=39 (full 0):
 garbage-first heap   total 214016K, used 121998K [0x00000000a0000000, 0x0000000100000000)
  region size 1024K, 6 young (6144K), 6 survivors (6144K)
 Metaspace       used 99801K, committed 100608K, reserved 1138688K
  class space    used 13018K, committed 13376K, reserved 1048576K
}
Event: 43.691 GC heap before
{Heap before GC invocations=39 (full 0):
 garbage-first heap   total 214016K, used 178318K [0x00000000a0000000, 0x0000000100000000)
  region size 1024K, 62 young (63488K), 6 survivors (6144K)
 Metaspace       used 101432K, committed 102336K, reserved 1138688K
  class space    used 13271K, committed 13696K, reserved 1048576K
}
Event: 43.705 GC heap after
{Heap after GC invocations=40 (full 0):
 garbage-first heap   total 214016K, used 134870K [0x00000000a0000000, 0x0000000100000000)
  region size 1024K, 8 young (8192K), 8 survivors (8192K)
 Metaspace       used 101432K, committed 102336K, reserved 1138688K
  class space    used 13271K, committed 13696K, reserved 1048576K
}

