# JRE version: Java(TM) SE Runtime Environment (16.0.2+7) (build 16.0.2+7-67)
# Java VM: Java HotSpot(TM) 64-Bit Server VM (16.0.2+7-67, mixed mode, sharing, tiered, compressed oops, compressed class ptrs, g1 gc, windows-amd64)
GC Precious Log:
 CPUs: 4 total, 4 available
 Memory: 8089M
 Large Page Support: Disabled
 NUMA Support: Disabled
 Compressed Oops: Enabled (32-bit)
 Heap Region Size: 1M
 Heap Min Capacity: 8M
 Heap Initial Capacity: 128M
 Heap Max Capacity: 1536M
 Pre-touch: Disabled
 Parallel Workers: 4
 Concurrent Workers: 1
 Concurrent Refinement Workers: 4
 Periodic GC: Disabled
Heap:
 garbage-first heap   total 184320K, used 109695K [0x00000000a0000000, 0x0000000100000000)
  region size 1024K, 9 young (9216K), 2 survivors (2048K)
 Metaspace       used 73290K, committed 73920K, reserved 1114112K
  class space    used 9725K, committed 10048K, reserved 1048576K
GC Heap History (20 events):
Event: 10.302 GC heap before
{Heap before GC invocations=24 (full 0):
 garbage-first heap   total 104448K, used 78734K [0x00000000a0000000, 0x0000000100000000)
  region size 1024K, 24 young (24576K), 3 survivors (3072K)
 Metaspace       used 54365K, committed 54784K, reserved 1097728K
  class space    used 7116K, committed 7296K, reserved 1048576K
}
Event: 10.309 GC heap after
{Heap after GC invocations=25 (full 0):
 garbage-first heap   total 104448K, used 57966K [0x00000000a0000000, 0x0000000100000000)
  region size 1024K, 3 young (3072K), 3 survivors (3072K)
 Metaspace       used 54365K, committed 54784K, reserved 1097728K
  class space    used 7116K, committed 7296K, reserved 1048576K
}
Event: 10.726 GC heap before
{Heap before GC invocations=25 (full 0):
 garbage-first heap   total 104448K, used 81518K [0x00000000a0000000, 0x0000000100000000)
  region size 1024K, 27 young (27648K), 3 survivors (3072K)
 Metaspace       used 56995K, committed 57472K, reserved 1105920K
  class space    used 7511K, committed 7744K, reserved 1048576K
}
Event: 10.733 GC heap after
{Heap after GC invocations=26 (full 0):
 garbage-first heap   total 104448K, used 59986K [0x00000000a0000000, 0x0000000100000000)
  region size 1024K, 2 young (2048K), 2 survivors (2048K)
 Metaspace       used 56995K, committed 57472K, reserved 1105920K
  class space    used 7511K, committed 7744K, reserved 1048576K
}
Event: 11.232 GC heap before
{Heap before GC invocations=27 (full 0):
 garbage-first heap   total 111616K, used 83538K [0x00000000a0000000, 0x0000000100000000)
  region size 1024K, 25 young (25600K), 2 survivors (2048K)
 Metaspace       used 59897K, committed 60352K, reserved 1105920K
  class space    used 7982K, committed 8192K, reserved 1048576K
}
Event: 11.238 GC heap after
{Heap after GC invocations=28 (full 0):
 garbage-first heap   total 111616K, used 61405K [0x00000000a0000000, 0x0000000100000000)
  region size 1024K, 4 young (4096K), 4 survivors (4096K)
 Metaspace       used 59897K, committed 60352K, reserved 1105920K
  class space    used 7982K, committed 8192K, reserved 1048576K
}
Event: 11.829 GC heap before
{Heap before GC invocations=28 (full 0):
 garbage-first heap   total 111616K, used 90077K [0x00000000a0000000, 0x0000000100000000)
  region size 1024K, 32 young (32768K), 4 survivors (4096K)
 Metaspace       used 63343K, committed 63936K, reserved 1105920K
  class space    used 8524K, committed 8832K, reserved 1048576K
}
Event: 11.838 GC heap after
{Heap after GC invocations=29 (full 0):
 garbage-first heap   total 111616K, used 63331K [0x00000000a0000000, 0x0000000100000000)
  region size 1024K, 4 young (4096K), 4 survivors (4096K)
 Metaspace       used 63343K, committed 63936K, reserved 1105920K
  class space    used 8524K, committed 8832K, reserved 1048576K
}
Event: 12.361 GC heap before
{Heap before GC invocations=30 (full 0):
 garbage-first heap   total 114688K, used 90979K [0x00000000a0000000, 0x0000000100000000)
  region size 1024K, 31 young (31744K), 4 survivors (4096K)
 Metaspace       used 66641K, committed 67136K, reserved 1114112K
  class space    used 8925K, committed 9152K, reserved 1048576K
}
Event: 12.371 GC heap after
{Heap after GC invocations=31 (full 0):
 garbage-first heap   total 114688K, used 65369K [0x00000000a0000000, 0x0000000100000000)
  region size 1024K, 4 young (4096K), 4 survivors (4096K)
 Metaspace       used 66641K, committed 67136K, reserved 1114112K
  class space    used 8925K, committed 9152K, reserved 1048576K
}
Event: 12.912 GC heap before
{Heap before GC invocations=31 (full 0):
 garbage-first heap   total 114688K, used 93017K [0x00000000a0000000, 0x0000000100000000)
  region size 1024K, 32 young (32768K), 4 survivors (4096K)
 Metaspace       used 69668K, committed 70272K, reserved 1114112K
  class space    used 9297K, committed 9600K, reserved 1048576K
}
Event: 12.923 GC heap after
{Heap after GC invocations=32 (full 0):
 garbage-first heap   total 138240K, used 69615K [0x00000000a0000000, 0x0000000100000000)
  region size 1024K, 4 young (4096K), 4 survivors (4096K)
 Metaspace       used 69668K, committed 70272K, reserved 1114112K
  class space    used 9297K, committed 9600K, reserved 1048576K
}
Event: 13.825 GC heap before
{Heap before GC invocations=33 (full 0):
 garbage-first heap   total 138240K, used 109551K [0x00000000a0000000, 0x0000000100000000)
  region size 1024K, 44 young (45056K), 4 survivors (4096K)
 Metaspace       used 70918K, committed 71488K, reserved 1114112K
  class space    used 9469K, committed 9728K, reserved 1048576K
}
Event: 13.834 GC heap after
{Heap after GC invocations=34 (full 0):
 garbage-first heap   total 138240K, used 72534K [0x00000000a0000000, 0x0000000100000000)
  region size 1024K, 3 young (3072K), 3 survivors (3072K)
 Metaspace       used 70918K, committed 71488K, reserved 1114112K
  class space    used 9469K, committed 9728K, reserved 1048576K
}
Event: 14.788 GC heap before
{Heap before GC invocations=34 (full 0):
 garbage-first heap   total 138240K, used 110422K [0x00000000a0000000, 0x0000000100000000)
  region size 1024K, 41 young (41984K), 3 survivors (3072K)
 Metaspace       used 72294K, committed 72896K, reserved 1114112K
  class space    used 9625K, committed 9920K, reserved 1048576K
}
Event: 14.805 GC heap after
{Heap after GC invocations=35 (full 0):
 garbage-first heap   total 138240K, used 81317K [0x00000000a0000000, 0x0000000100000000)
  region size 1024K, 6 young (6144K), 6 survivors (6144K)
 Metaspace       used 72294K, committed 72896K, reserved 1114112K
  class space    used 9625K, committed 9920K, reserved 1048576K
}
Event: 15.290 GC heap before
{Heap before GC invocations=36 (full 0):
 garbage-first heap   total 160768K, used 109989K [0x00000000a0000000, 0x0000000100000000)
  region size 1024K, 32 young (32768K), 6 survivors (6144K)
 Metaspace       used 72753K, committed 73280K, reserved 1114112K
  class space    used 9658K, committed 9920K, reserved 1048576K
}
Event: 15.311 GC heap after
{Heap after GC invocations=37 (full 0):
 garbage-first heap   total 160768K, used 92675K [0x00000000a0000000, 0x0000000100000000)
  region size 1024K, 4 young (4096K), 4 survivors (4096K)
 Metaspace       used 72753K, committed 73280K, reserved 1114112K
  class space    used 9658K, committed 9920K, reserved 1048576K
}
Event: 15.456 GC heap before
{Heap before GC invocations=37 (full 0):
 garbage-first heap   total 160768K, used 100867K [0x00000000a0000000, 0x0000000100000000)
  region size 1024K, 13 young (13312K), 4 survivors (4096K)
 Metaspace       used 73236K, committed 73856K, reserved 1114112K
  class space    used 9722K, committed 10048K, reserved 1048576K
}
Event: 15.467 GC heap after
{Heap after GC invocations=38 (full 0):
 garbage-first heap   total 160768K, used 95359K [0x00000000a0000000, 0x0000000100000000)
  region size 1024K, 2 young (2048K), 2 survivors (2048K)
 Metaspace       used 73236K, committed 73856K, reserved 1114112K
  class space    used 9722K, committed 10048K, reserved 1048576K
}

